{"meta": {"format": 3, "version": "7.13.5", "timestamp": "2026-04-08T13:39:51.637320", "branch_coverage": false, "show_contexts": false}, "files": {"agent/__init__.py": {"executed_lines": [], "summary": {"covered_lines": 0, "num_statements": 0, "percent_covered": 100.0, "percent_covered_display": "100", "missing_lines": 0, "excluded_lines": 0, "percent_statements_covered": 100.0, "percent_statements_covered_display": "100"}, "missing_lines": [], "excluded_lines": [], "functions": {"": {"executed_lines": [], "summary": {"covered_lines": 0, "num_statements": 0, "percent_covered": 100.0, "percent_covered_display": "100", "missing_lines": 0, "excluded_lines": 0, "percent_statements_covered": 100.0, "percent_statements_covered_display": "100"}, "missing_lines": [], "excluded_lines": [], "start_line": 1}}, "classes": {"": {"executed_lines": [], "summary": {"covered_lines": 0, "num_statements": 0, "percent_covered": 100.0, "percent_covered_display": "100", "missing_lines": 0, "excluded_lines": 0, "percent_statements_covered": 100.0, "percent_statements_covered_display": "100"}, "missing_lines": [], "excluded_lines": [], "start_line": 1}}}, "agent/agents.py": {"executed_lines": [3, 4, 5, 7, 15, 16, 23, 25, 30, 85, 159, 205, 241], "summary": {"covered_lines": 13, "num_statements": 142, "percent_covered": 9.154929577464788, "percent_covered_display": "9", "missing_lines": 129, "excluded_lines": 0, "percent_statements_covered": 9.154929577464788, "percent_statements_covered_display": "9"}, "missing_lines": [32, 34, 35, 45, 46, 48, 49, 50, 51, 52, 53, 54, 55, 67, 68, 70, 71, 72, 73, 74, 75, 76, 77, 79, 80, 81, 82, 87, 89, 90, 91, 103, 105, 106, 120, 121, 123, 124, 125, 126, 127, 128, 129, 130, 142, 143, 145, 146, 147, 148, 149, 150, 151, 152, 154, 155, 156, 161, 163, 164, 165, 167, 168, 184, 185, 186, 188, 189, 191, 192, 193, 195, 196, 197, 198, 200, 201, 202, 207, 209, 210, 221, 222, 223, 225, 226, 228, 229, 230, 232, 233, 234, 236, 237, 238, 243, 245, 246, 248, 249, 250, 251, 253, 254, 255, 257, 258, 259, 261, 264, 266, 267, 268, 270, 285, 286, 288, 289, 290, 292, 293, 294, 295, 297, 298, 300, 301, 302, 303], "excluded_lines": [], "functions": {"write_prd": {"executed_lines": [], "summary": {"covered_lines": 0, "num_statements": 27, "percent_covered": 0.0, "percent_covered_display": "0", "missing_lines": 27, "excluded_lines": 0, "percent_statements_covered": 0.0, "percent_statements_covered_display": "0"}, "missing_lines": [32, 34, 35, 45, 46, 48, 49, 50, 51, 52, 53, 54, 55, 67, 68, 70, 71, 72, 73, 74, 75, 76, 77, 79, 80, 81, 82], "excluded_lines": [], "start_line": 30}, "create_design_system": {"executed_lines": [], "summary": {"covered_lines": 0, "num_statements": 30, "percent_covered": 0.0, "percent_covered_display": "0", "missing_lines": 30, "excluded_lines": 0, "percent_statements_covered": 0.0, "percent_statements_covered_display": "0"}, "missing_lines": [87, 89, 90, 91, 103, 105, 106, 120, 121, 123, 124, 125, 126, 127, 128, 129, 130, 142, 143, 145, 146, 147, 148, 149, 150, 151, 152, 154, 155, 156], "excluded_lines": [], "start_line": 85}, "qa_validate": {"executed_lines": [], "summary": {"covered_lines": 0, "num_statements": 21, "percent_covered": 0.0, "percent_covered_display": "0", "missing_lines": 21, "excluded_lines": 0, "percent_statements_covered": 0.0, "percent_statements_covered_display": "0"}, "missing_lines": [161, 163, 164, 165, 167, 168, 184, 185, 186, 188, 189, 191, 192, 193, 195, 196, 197, 198, 200, 201, 202], "excluded_lines": [], "start_line": 159}, "polish_pass": {"executed_lines": [], "summary": {"covered_lines": 0, "num_statements": 17, "percent_covered": 0.0, "percent_covered_display": "0", "missing_lines": 17, "excluded_lines": 0, "percent_statements_covered": 0.0, "percent_statements_covered_display": "0"}, "missing_lines": [207, 209, 210, 221, 222, 223, 225, 226, 228, 229, 230, 232, 233, 234, 236, 237, 238], "excluded_lines": [], "start_line": 205}, "visual_validate": {"executed_lines": [], "summary": {"covered_lines": 0, "num_statements": 34, "percent_covered": 0.0, "percent_covered_display": "0", "missing_lines": 34, "excluded_lines": 0, "percent_statements_covered": 0.0, "percent_statements_covered_display": "0"}, "missing_lines": [243, 245, 246, 248, 249, 250, 251, 253, 254, 255, 257, 258, 259, 261, 264, 266, 267, 268, 270, 285, 286, 288, 289, 290, 292, 293, 294, 295, 297, 298, 300, 301, 302, 303], "excluded_lines": [], "start_line": 241}, "": {"executed_lines": [3, 4, 5, 7, 15, 16, 23, 25, 30, 85, 159, 205, 241], "summary": {"covered_lines": 13, "num_statements": 13, "percent_covered": 100.0, "percent_covered_display": "100", "missing_lines": 0, "excluded_lines": 0, "percent_statements_covered": 100.0, "percent_statements_covered_display": "100"}, "missing_lines": [], "excluded_lines": [], "start_line": 1}}, "classes": {"": {"executed_lines": [3, 4, 5, 7, 15, 16, 23, 25, 30, 85, 159, 205, 241], "summary": {"covered_lines": 13, "num_statements": 142, "percent_covered": 9.154929577464788, "percent_covered_display": "9", "missing_lines": 129, "excluded_lines": 0, "percent_statements_covered": 9.154929577464788, "percent_statements_covered_display": "9"}, "missing_lines": [32, 34, 35, 45, 46, 48, 49, 50, 51, 52, 53, 54, 55, 67, 68, 70, 71, 72, 73, 74, 75, 76, 77, 79, 80, 81, 82, 87, 89, 90, 91, 103, 105, 106, 120, 121, 123, 124, 125, 126, 127, 128, 129, 130, 142, 143, 145, 146, 147, 148, 149, 150, 151, 152, 154, 155, 156, 161, 163, 164, 165, 167, 168, 184, 185, 186, 188, 189, 191, 192, 193, 195, 196, 197, 198, 200, 201, 202, 207, 209, 210, 221, 222, 223, 225, 226, 228, 229, 230, 232, 233, 234, 236, 237, 238, 243, 245, 246, 248, 249, 250, 251, 253, 254, 255, 257, 258, 259, 261, 264, 266, 267, 268, 270, 285, 286, 288, 289, 290, 292, 293, 294, 295, 297, 298, 300, 301, 302, 303], "excluded_lines": [], "start_line": 1}}}, "agent/autopilot.py": {"executed_lines": [], "summary": {"covered_lines": 0, "num_statements": 70, "percent_covered": 0.0, "percent_covered_display": "0", "missing_lines": 70, "excluded_lines": 0, "percent_statements_covered": 0.0, "percent_statements_covered_display": "0"}, "missing_lines": [3, 4, 6, 7, 8, 10, 12, 15, 25, 26, 28, 29, 32, 33, 34, 38, 39, 40, 42, 43, 44, 46, 47, 50, 51, 52, 54, 57, 58, 60, 61, 62, 64, 66, 69, 72, 74, 75, 89, 90, 91, 92, 93, 96, 97, 112, 113, 114, 115, 116, 119, 120, 136, 137, 138, 139, 140, 142, 145, 147, 148, 149, 150, 151, 152, 153, 154, 155, 156, 157], "excluded_lines": [], "functions": {"autopilot_fix_loop": {"executed_lines": [], "summary": {"covered_lines": 0, "num_statements": 26, "percent_covered": 0.0, "percent_covered_display": "0", "missing_lines": 26, "excluded_lines": 0, "percent_statements_covered": 0.0, "percent_statements_covered_display": "0"}, "missing_lines": [25, 26, 28, 29, 32, 33, 34, 38, 39, 40, 42, 43, 44, 46, 47, 50, 51, 52, 54, 57, 58, 60, 61, 62, 64, 66], "excluded_lines": [], "start_line": 15}, "_attempt_fix": {"executed_lines": [], "summary": {"covered_lines": 0, "num_statements": 23, "percent_covered": 0.0, "percent_covered_display": "0", "missing_lines": 23, "excluded_lines": 0, "percent_statements_covered": 0.0, "percent_statements_covered_display": "0"}, "missing_lines": [72, 74, 75, 89, 90, 91, 92, 93, 96, 97, 112, 113, 114, 115, 116, 119, 120, 136, 137, 138, 139, 140, 142], "excluded_lines": [], "start_line": 69}, "_strip_fences": {"executed_lines": [], "summary": {"covered_lines": 0, "num_statements": 11, "percent_covered": 0.0, "percent_covered_display": "0", "missing_lines": 11, "excluded_lines": 0, "percent_statements_covered": 0.0, "percent_statements_covered_display": "0"}, "missing_lines": [147, 148, 149, 150, 151, 152, 153, 154, 155, 156, 157], "excluded_lines": [], "start_line": 145}, "": {"executed_lines": [], "summary": {"covered_lines": 0, "num_statements": 10, "percent_covered": 0.0, "percent_covered_display": "0", "missing_lines": 10, "excluded_lines": 0, "percent_statements_covered": 0.0, "percent_statements_covered_display": "0"}, "missing_lines": [3, 4, 6, 7, 8, 10, 12, 15, 69, 145], "excluded_lines": [], "start_line": 1}}, "classes": {"": {"executed_lines": [], "summary": {"covered_lines": 0, "num_statements": 70, "percent_covered": 0.0, "percent_covered_display": "0", "missing_lines": 70, "excluded_lines": 0, "percent_statements_covered": 0.0, "percent_statements_covered_display": "0"}, "missing_lines": [3, 4, 6, 7, 8, 10, 12, 15, 25, 26, 28, 29, 32, 33, 34, 38, 39, 40, 42, 43, 44, 46, 47, 50, 51, 52, 54, 57, 58, 60, 61, 62, 64, 66, 69, 72, 74, 75, 89, 90, 91, 92, 93, 96, 97, 112, 113, 114, 115, 116, 119, 120, 136, 137, 138, 139, 140, 142, 145, 147, 148, 149, 150, 151, 152, 153, 154, 155, 156, 157], "excluded_lines": [], "start_line": 1}}}, "agent/components.py": {"executed_lines": [10], "summary": {"covered_lines": 1, "num_statements": 1, "percent_covered": 100.0, "percent_covered_display": "100", "missing_lines": 0, "excluded_lines": 0, "percent_statements_covered": 100.0, "percent_statements_covered_display": "100"}, "missing_lines": [], "excluded_lines": [], "functions": {"": {"executed_lines": [10], "summary": {"covered_lines": 1, "num_statements": 1, "percent_covered": 100.0, "percent_covered_display": "100", "missing_lines": 0, "excluded_lines": 0, "percent_statements_covered": 100.0, "percent_statements_covered_display": "100"}, "missing_lines": [], "excluded_lines": [], "start_line": 1}}, "classes": {"": {"executed_lines": [10], "summary": {"covered_lines": 1, "num_statements": 1, "percent_covered": 100.0, "percent_covered_display": "100", "missing_lines": 0, "excluded_lines": 0, "percent_statements_covered": 100.0, "percent_statements_covered_display": "100"}, "missing_lines": [], "excluded_lines": [], "start_line": 1}}}, "agent/helpers.py": {"executed_lines": [3, 4, 5, 7, 9, 10, 11, 13, 18, 19, 20, 25, 39, 55, 69, 71, 74, 75, 77, 79, 81, 82, 83, 84, 85, 86, 88, 89, 90, 91, 92, 93, 94, 95, 97], "summary": {"covered_lines": 35, "num_statements": 67, "percent_covered": 52.23880597014925, "percent_covered_display": "52", "missing_lines": 32, "excluded_lines": 0, "percent_statements_covered": 52.23880597014925, "percent_statements_covered_display": "52"}, "missing_lines": [26, 27, 28, 29, 30, 31, 32, 33, 35, 36, 40, 41, 42, 43, 44, 45, 46, 47, 48, 49, 50, 52, 57, 58, 59, 60, 61, 62, 63, 64, 65, 66], "excluded_lines": [], "functions": {"_update_build": {"executed_lines": [], "summary": {"covered_lines": 0, "num_statements": 10, "percent_covered": 0.0, "percent_covered_display": "0", "missing_lines": 10, "excluded_lines": 0, "percent_statements_covered": 0.0, "percent_statements_covered_display": "0"}, "missing_lines": [26, 27, 28, 29, 30, 31, 32, 33, 35, 36], "excluded_lines": [], "start_line": 25}, "_add_step": {"executed_lines": [], "summary": {"covered_lines": 0, "num_statements": 12, "percent_covered": 0.0, "percent_covered_display": "0", "missing_lines": 12, "excluded_lines": 0, "percent_statements_covered": 0.0, "percent_statements_covered_display": "0"}, "missing_lines": [40, 41, 42, 43, 44, 45, 46, 47, 48, 49, 50, 52], "excluded_lines": [], "start_line": 39}, "_add_reasoning": {"executed_lines": [], "summary": {"covered_lines": 0, "num_statements": 10, "percent_covered": 0.0, "percent_covered_display": "0", "missing_lines": 10, "excluded_lines": 0, "percent_statements_covered": 0.0, "percent_statements_covered_display": "0"}, "missing_lines": [57, 58, 59, 60, 61, 62, 63, 64, 65, 66], "excluded_lines": [], "start_line": 55}, "_strip_fences": {"executed_lines": [71, 74, 75, 77, 79, 81, 82, 83, 84, 85, 86, 88, 89, 90, 91, 92, 93, 94, 95, 97], "summary": {"covered_lines": 20, "num_statements": 20, "percent_covered": 100.0, "percent_covered_display": "100", "missing_lines": 0, "excluded_lines": 0, "percent_statements_covered": 100.0, "percent_statements_covered_display": "100"}, "missing_lines": [], "excluded_lines": [], "start_line": 69}, "": {"executed_lines": [3, 4, 5, 7, 9, 10, 11, 13, 18, 19, 20, 25, 39, 55, 69], "summary": {"covered_lines": 15, "num_statements": 15, "percent_covered": 100.0, "percent_covered_display": "100", "missing_lines": 0, "excluded_lines": 0, "percent_statements_covered": 100.0, "percent_statements_covered_display": "100"}, "missing_lines": [], "excluded_lines": [], "start_line": 1}}, "classes": {"": {"executed_lines": [3, 4, 5, 7, 9, 10, 11, 13, 18, 19, 20, 25, 39, 55, 69, 71, 74, 75, 77, 79, 81, 82, 83, 84, 85, 86, 88, 89, 90, 91, 92, 93, 94, 95, 97], "summary": {"covered_lines": 35, "num_statements": 67, "percent_covered": 52.23880597014925, "percent_covered_display": "52", "missing_lines": 32, "excluded_lines": 0, "percent_statements_covered": 52.23880597014925, "percent_statements_covered_display": "52"}, "missing_lines": [26, 27, 28, 29, 30, 31, 32, 33, 35, 36, 40, 41, 42, 43, 44, 45, 46, 47, 48, 49, 50, 52, 57, 58, 59, 60, 61, 62, 63, 64, 65, 66], "excluded_lines": [], "start_line": 1}}}, "agent/llm.py": {"executed_lines": [4, 5, 6, 7, 8, 10, 13, 14, 15, 18, 106, 159, 209, 256, 317], "summary": {"covered_lines": 15, "num_statements": 170, "percent_covered": 8.823529411764707, "percent_covered_display": "9", "missing_lines": 155, "excluded_lines": 0, "percent_statements_covered": 8.823529411764707, "percent_statements_covered_display": "9"}, "missing_lines": [28, 29, 30, 31, 33, 34, 35, 37, 38, 39, 40, 50, 51, 52, 53, 57, 58, 59, 61, 64, 65, 66, 67, 68, 72, 73, 74, 77, 78, 79, 80, 81, 83, 85, 86, 87, 88, 89, 90, 91, 93, 94, 95, 96, 97, 98, 100, 101, 103, 122, 123, 124, 126, 128, 135, 136, 138, 139, 141, 143, 144, 145, 147, 148, 150, 151, 152, 153, 155, 156, 172, 173, 174, 176, 184, 185, 187, 189, 190, 191, 193, 194, 195, 197, 198, 199, 203, 205, 206, 217, 218, 220, 221, 222, 226, 228, 230, 238, 240, 241, 242, 244, 245, 246, 248, 249, 250, 252, 253, 268, 269, 271, 279, 280, 281, 282, 291, 292, 293, 294, 295, 296, 297, 298, 299, 300, 301, 302, 303, 304, 305, 307, 308, 310, 311, 312, 313, 314, 319, 320, 322, 323, 325, 326, 327, 339, 341, 342, 343, 345, 346, 347, 349, 350, 351], "excluded_lines": [], "functions": {"_request_with_fallback": {"executed_lines": [], "summary": {"covered_lines": 0, "num_statements": 49, "percent_covered": 0.0, "percent_covered_display": "0", "missing_lines": 49, "excluded_lines": 0, "percent_statements_covered": 0.0, "percent_statements_covered_display": "0"}, "missing_lines": [28, 29, 30, 31, 33, 34, 35, 37, 38, 39, 40, 50, 51, 52, 53, 57, 58, 59, 61, 64, 65, 66, 67, 68, 72, 73, 74, 77, 78, 79, 80, 81, 83, 85, 86, 87, 88, 89, 90, 91, 93, 94, 95, 96, 97, 98, 100, 101, 103], "excluded_lines": [], "start_line": 18}, "chat": {"executed_lines": [], "summary": {"covered_lines": 0, "num_statements": 21, "percent_covered": 0.0, "percent_covered_display": "0", "missing_lines": 21, "excluded_lines": 0, "percent_statements_covered": 0.0, "percent_statements_covered_display": "0"}, "missing_lines": [122, 123, 124, 126, 128, 135, 136, 138, 139, 141, 143, 144, 145, 147, 148, 150, 151, 152, 153, 155, 156], "excluded_lines": [], "start_line": 106}, "chat_with_reasoning": {"executed_lines": [], "summary": {"covered_lines": 0, "num_statements": 19, "percent_covered": 0.0, "percent_covered_display": "0", "missing_lines": 19, "excluded_lines": 0, "percent_statements_covered": 0.0, "percent_statements_covered_display": "0"}, "missing_lines": [172, 173, 174, 176, 184, 185, 187, 189, 190, 191, 193, 194, 195, 197, 198, 199, 203, 205, 206], "excluded_lines": [], "start_line": 159}, "vision_chat": {"executed_lines": [], "summary": {"covered_lines": 0, "num_statements": 20, "percent_covered": 0.0, "percent_covered_display": "0", "missing_lines": 20, "excluded_lines": 0, "percent_statements_covered": 0.0, "percent_statements_covered_display": "0"}, "missing_lines": [217, 218, 220, 221, 222, 226, 228, 230, 238, 240, 241, 242, 244, 245, 246, 248, 249, 250, 252, 253], "excluded_lines": [], "start_line": 209}, "chat_streaming": {"executed_lines": [], "summary": {"covered_lines": 0, "num_statements": 29, "percent_covered": 0.0, "percent_covered_display": "0", "missing_lines": 29, "excluded_lines": 0, "percent_statements_covered": 0.0, "percent_statements_covered_display": "0"}, "missing_lines": [268, 269, 271, 279, 280, 281, 282, 291, 292, 293, 294, 295, 296, 297, 298, 299, 300, 301, 302, 303, 304, 305, 307, 308, 310, 311, 312, 313, 314], "excluded_lines": [], "start_line": 256}, "generate_image": {"executed_lines": [], "summary": {"covered_lines": 0, "num_statements": 17, "percent_covered": 0.0, "percent_covered_display": "0", "missing_lines": 17, "excluded_lines": 0, "percent_statements_covered": 0.0, "percent_statements_covered_display": "0"}, "missing_lines": [319, 320, 322, 323, 325, 326, 327, 339, 341, 342, 343, 345, 346, 347, 349, 350, 351], "excluded_lines": [], "start_line": 317}, "": {"executed_lines": [4, 5, 6, 7, 8, 10, 13, 14, 15, 18, 106, 159, 209, 256, 317], "summary": {"covered_lines": 15, "num_statements": 15, "percent_covered": 100.0, "percent_covered_display": "100", "missing_lines": 0, "excluded_lines": 0, "percent_statements_covered": 100.0, "percent_statements_covered_display": "100"}, "missing_lines": [], "excluded_lines": [], "start_line": 1}}, "classes": {"": {"executed_lines": [4, 5, 6, 7, 8, 10, 13, 14, 15, 18, 106, 159, 209, 256, 317], "summary": {"covered_lines": 15, "num_statements": 170, "percent_covered": 8.823529411764707, "percent_covered_display": "9", "missing_lines": 155, "excluded_lines": 0, "percent_statements_covered": 8.823529411764707, "percent_statements_covered_display": "9"}, "missing_lines": [28, 29, 30, 31, 33, 34, 35, 37, 38, 39, 40, 50, 51, 52, 53, 57, 58, 59, 61, 64, 65, 66, 67, 68, 72, 73, 74, 77, 78, 79, 80, 81, 83, 85, 86, 87, 88, 89, 90, 91, 93, 94, 95, 96, 97, 98, 100, 101, 103, 122, 123, 124, 126, 128, 135, 136, 138, 139, 141, 143, 144, 145, 147, 148, 150, 151, 152, 153, 155, 156, 172, 173, 174, 176, 184, 185, 187, 189, 190, 191, 193, 194, 195, 197, 198, 199, 203, 205, 206, 217, 218, 220, 221, 222, 226, 228, 230, 238, 240, 241, 242, 244, 245, 246, 248, 249, 250, 252, 253, 268, 269, 271, 279, 280, 281, 282, 291, 292, 293, 294, 295, 296, 297, 298, 299, 300, 301, 302, 303, 304, 305, 307, 308, 310, 311, 312, 313, 314, 319, 320, 322, 323, 325, 326, 327, 339, 341, 342, 343, 345, 346, 347, 349, 350, 351], "excluded_lines": [], "start_line": 1}}}, "agent/multifile.py": {"executed_lines": [3, 4, 5, 7, 15, 16, 29, 30, 31, 33, 38, 78, 135, 297, 337, 367, 462, 514, 544, 605], "summary": {"covered_lines": 20, "num_statements": 275, "percent_covered": 7.2727272727272725, "percent_covered_display": "7", "missing_lines": 255, "excluded_lines": 0, "percent_statements_covered": 7.2727272727272725, "percent_statements_covered_display": "7"}, "missing_lines": [40, 42, 50, 51, 52, 53, 54, 55, 56, 67, 68, 74, 75, 80, 81, 83, 89, 90, 97, 98, 100, 101, 102, 103, 104, 105, 114, 115, 116, 117, 118, 119, 120, 123, 125, 130, 131, 132, 144, 145, 149, 150, 151, 152, 154, 155, 157, 160, 161, 162, 163, 164, 165, 169, 170, 171, 172, 173, 182, 190, 199, 200, 201, 202, 214, 218, 220, 222, 223, 228, 231, 233, 234, 235, 248, 249, 250, 253, 254, 255, 256, 257, 259, 261, 262, 263, 277, 278, 279, 280, 283, 284, 290, 291, 293, 294, 303, 304, 305, 306, 308, 309, 310, 312, 314, 315, 316, 317, 318, 319, 321, 323, 330, 331, 333, 334, 343, 344, 347, 348, 349, 350, 355, 356, 357, 359, 360, 361, 362, 363, 364, 373, 374, 377, 378, 380, 381, 382, 383, 385, 386, 387, 390, 397, 404, 405, 419, 420, 422, 423, 424, 426, 427, 428, 430, 431, 433, 434, 435, 436, 437, 438, 439, 440, 441, 442, 448, 450, 452, 453, 454, 455, 456, 457, 459, 469, 470, 471, 472, 474, 479, 480, 490, 491, 493, 494, 497, 498, 499, 500, 501, 503, 504, 505, 507, 509, 510, 511, 516, 517, 518, 519, 520, 522, 539, 541, 546, 549, 550, 551, 552, 554, 560, 561, 569, 570, 572, 573, 574, 575, 576, 577, 587, 588, 589, 590, 591, 592, 593, 595, 596, 597, 598, 602, 617, 620, 621, 622, 623, 625, 634, 644, 645, 648, 649, 650, 651, 652, 654, 655, 657, 658, 659, 661, 662], "excluded_lines": [], "functions": {"classify_complexity": {"executed_lines": [], "summary": {"covered_lines": 0, "num_statements": 13, "percent_covered": 0.0, "percent_covered_display": "0", "missing_lines": 13, "excluded_lines": 0, "percent_statements_covered": 0.0, "percent_statements_covered_display": "0"}, "missing_lines": [40, 42, 50, 51, 52, 53, 54, 55, 56, 67, 68, 74, 75], "excluded_lines": [], "start_line": 38}, "plan_manifest": {"executed_lines": [], "summary": {"covered_lines": 0, "num_statements": 25, "percent_covered": 0.0, "percent_covered_display": "0", "missing_lines": 25, "excluded_lines": 0, "percent_statements_covered": 0.0, "percent_statements_covered_display": "0"}, "missing_lines": [80, 81, 83, 89, 90, 97, 98, 100, 101, 102, 103, 104, 105, 114, 115, 116, 117, 118, 119, 120, 123, 125, 130, 131, 132], "excluded_lines": [], "start_line": 78}, "generate_file": {"executed_lines": [], "summary": {"covered_lines": 0, "num_statements": 55, "percent_covered": 0.0, "percent_covered_display": "0", "missing_lines": 55, "excluded_lines": 0, "percent_statements_covered": 0.0, "percent_statements_covered_display": "0"}, "missing_lines": [144, 145, 149, 150, 151, 152, 154, 155, 157, 160, 161, 162, 163, 164, 165, 169, 170, 171, 172, 173, 182, 190, 199, 200, 201, 202, 214, 218, 220, 231, 233, 234, 235, 248, 249, 250, 253, 254, 255, 256, 257, 259, 261, 262, 263, 277, 278, 279, 280, 283, 284, 290, 291, 293, 294], "excluded_lines": [], "start_line": 135}, "generate_file._on_chunk": {"executed_lines": [], "summary": {"covered_lines": 0, "num_statements": 3, "percent_covered": 0.0, "percent_covered_display": "0", "missing_lines": 3, "excluded_lines": 0, "percent_statements_covered": 0.0, "percent_statements_covered_display": "0"}, "missing_lines": [222, 223, 228], "excluded_lines": [], "start_line": 220}, "generate_all_files": {"executed_lines": [], "summary": {"covered_lines": 0, "num_statements": 20, "percent_covered": 0.0, "percent_covered_display": "0", "missing_lines": 20, "excluded_lines": 0, "percent_statements_covered": 0.0, "percent_statements_covered_display": "0"}, "missing_lines": [303, 304, 305, 306, 308, 309, 310, 312, 314, 315, 316, 317, 318, 319, 321, 323, 330, 331, 333, 334], "excluded_lines": [], "start_line": 297}, "_extract_interface": {"executed_lines": [], "summary": {"covered_lines": 0, "num_statements": 15, "percent_covered": 0.0, "percent_covered_display": "0", "missing_lines": 15, "excluded_lines": 0, "percent_statements_covered": 0.0, "percent_statements_covered_display": "0"}, "missing_lines": [343, 344, 347, 348, 349, 350, 355, 356, 357, 359, 360, 361, 362, 363, 364], "excluded_lines": [], "start_line": 337}, "integration_review": {"executed_lines": [], "summary": {"covered_lines": 0, "num_statements": 44, "percent_covered": 0.0, "percent_covered_display": "0", "missing_lines": 44, "excluded_lines": 0, "percent_statements_covered": 0.0, "percent_statements_covered_display": "0"}, "missing_lines": [373, 374, 377, 378, 380, 381, 382, 383, 385, 386, 387, 390, 397, 404, 405, 419, 420, 422, 423, 424, 426, 427, 428, 430, 431, 433, 434, 435, 436, 437, 438, 439, 440, 441, 442, 448, 450, 452, 453, 454, 455, 456, 457, 459], "excluded_lines": [], "start_line": 367}, "generate_seed_data": {"executed_lines": [], "summary": {"covered_lines": 0, "num_statements": 23, "percent_covered": 0.0, "percent_covered_display": "0", "missing_lines": 23, "excluded_lines": 0, "percent_statements_covered": 0.0, "percent_statements_covered_display": "0"}, "missing_lines": [469, 470, 471, 472, 474, 479, 480, 490, 491, 493, 494, 497, 498, 499, 500, 501, 503, 504, 505, 507, 509, 510, 511], "excluded_lines": [], "start_line": 462}, "generate_deployment_files": {"executed_lines": [], "summary": {"covered_lines": 0, "num_statements": 8, "percent_covered": 0.0, "percent_covered_display": "0", "missing_lines": 8, "excluded_lines": 0, "percent_statements_covered": 0.0, "percent_statements_covered_display": "0"}, "missing_lines": [516, 517, 518, 519, 520, 522, 539, 541], "excluded_lines": [], "start_line": 514}, "analyze_impact": {"executed_lines": [], "summary": {"covered_lines": 0, "num_statements": 28, "percent_covered": 0.0, "percent_covered_display": "0", "missing_lines": 28, "excluded_lines": 0, "percent_statements_covered": 0.0, "percent_statements_covered_display": "0"}, "missing_lines": [546, 549, 550, 551, 552, 554, 560, 561, 569, 570, 572, 573, 574, 575, 576, 577, 587, 588, 589, 590, 591, 592, 593, 595, 596, 597, 598, 602], "excluded_lines": [], "start_line": 544}, "modify_existing_file": {"executed_lines": [], "summary": {"covered_lines": 0, "num_statements": 21, "percent_covered": 0.0, "percent_covered_display": "0", "missing_lines": 21, "excluded_lines": 0, "percent_statements_covered": 0.0, "percent_statements_covered_display": "0"}, "missing_lines": [617, 620, 621, 622, 623, 625, 634, 644, 645, 648, 649, 650, 651, 652, 654, 655, 657, 658, 659, 661, 662], "excluded_lines": [], "start_line": 605}, "": {"executed_lines": [3, 4, 5, 7, 15, 16, 29, 30, 31, 33, 38, 78, 135, 297, 337, 367, 462, 514, 544, 605], "summary": {"covered_lines": 20, "num_statements": 20, "percent_covered": 100.0, "percent_covered_display": "100", "missing_lines": 0, "excluded_lines": 0, "percent_statements_covered": 100.0, "percent_statements_covered_display": "100"}, "missing_lines": [], "excluded_lines": [], "start_line": 1}}, "classes": {"": {"executed_lines": [3, 4, 5, 7, 15, 16, 29, 30, 31, 33, 38, 78, 135, 297, 337, 367, 462, 514, 544, 605], "summary": {"covered_lines": 20, "num_statements": 275, "percent_covered": 7.2727272727272725, "percent_covered_display": "7", "missing_lines": 255, "excluded_lines": 0, "percent_statements_covered": 7.2727272727272725, "percent_statements_covered_display": "7"}, "missing_lines": [40, 42, 50, 51, 52, 53, 54, 55, 56, 67, 68, 74, 75, 80, 81, 83, 89, 90, 97, 98, 100, 101, 102, 103, 104, 105, 114, 115, 116, 117, 118, 119, 120, 123, 125, 130, 131, 132, 144, 145, 149, 150, 151, 152, 154, 155, 157, 160, 161, 162, 163, 164, 165, 169, 170, 171, 172, 173, 182, 190, 199, 200, 201, 202, 214, 218, 220, 222, 223, 228, 231, 233, 234, 235, 248, 249, 250, 253, 254, 255, 256, 257, 259, 261, 262, 263, 277, 278, 279, 280, 283, 284, 290, 291, 293, 294, 303, 304, 305, 306, 308, 309, 310, 312, 314, 315, 316, 317, 318, 319, 321, 323, 330, 331, 333, 334, 343, 344, 347, 348, 349, 350, 355, 356, 357, 359, 360, 361, 362, 363, 364, 373, 374, 377, 378, 380, 381, 382, 383, 385, 386, 387, 390, 397, 404, 405, 419, 420, 422, 423, 424, 426, 427, 428, 430, 431, 433, 434, 435, 436, 437, 438, 439, 440, 441, 442, 448, 450, 452, 453, 454, 455, 456, 457, 459, 469, 470, 471, 472, 474, 479, 480, 490, 491, 493, 494, 497, 498, 499, 500, 501, 503, 504, 505, 507, 509, 510, 511, 516, 517, 518, 519, 520, 522, 539, 541, 546, 549, 550, 551, 552, 554, 560, 561, 569, 570, 572, 573, 574, 575, 576, 577, 587, 588, 589, 590, 591, 592, 593, 595, 596, 597, 598, 602, 617, 620, 621, 622, 623, 625, 634, 644, 645, 648, 649, 650, 651, 652, 654, 655, 657, 658, 659, 661, 662], "excluded_lines": [], "start_line": 1}}}, "agent/pipeline.py": {"executed_lines": [10, 11, 12, 13, 15, 17, 18, 19, 20, 27, 34, 45, 46, 47, 48, 50, 54, 67, 75, 124, 250, 286, 374, 456, 558, 627], "summary": {"covered_lines": 26, "num_statements": 324, "percent_covered": 8.024691358024691, "percent_covered_display": "8", "missing_lines": 298, "excluded_lines": 0, "percent_statements_covered": 8.024691358024691, "percent_statements_covered_display": "8"}, "missing_lines": [69, 70, 71, 72, 78, 81, 84, 87, 88, 89, 90, 91, 94, 95, 96, 97, 100, 101, 102, 105, 106, 109, 110, 118, 119, 121, 131, 132, 135, 137, 140, 141, 143, 144, 145, 147, 148, 150, 153, 154, 155, 158, 164, 165, 168, 169, 172, 173, 174, 175, 176, 177, 179, 184, 185, 188, 189, 192, 193, 196, 197, 198, 199, 200, 201, 202, 205, 206, 207, 208, 209, 211, 214, 215, 216, 219, 220, 222, 223, 233, 234, 237, 239, 241, 242, 243, 244, 245, 246, 247, 256, 257, 258, 259, 260, 261, 263, 264, 266, 268, 269, 271, 274, 275, 277, 278, 279, 280, 281, 282, 283, 291, 293, 294, 295, 297, 299, 300, 301, 303, 304, 305, 307, 308, 310, 326, 328, 330, 331, 342, 344, 345, 347, 348, 351, 352, 353, 356, 357, 358, 359, 371, 376, 377, 378, 379, 380, 381, 382, 385, 386, 389, 390, 391, 393, 400, 403, 405, 406, 407, 408, 410, 412, 415, 416, 418, 421, 422, 423, 424, 425, 426, 429, 430, 431, 432, 435, 436, 437, 440, 441, 443, 444, 452, 453, 458, 459, 460, 461, 462, 463, 464, 467, 468, 471, 472, 474, 476, 479, 482, 485, 491, 494, 495, 498, 501, 504, 507, 512, 515, 518, 521, 524, 527, 528, 529, 531, 543, 546, 547, 549, 550, 551, 552, 553, 554, 555, 560, 561, 562, 563, 566, 567, 568, 569, 570, 571, 572, 574, 582, 583, 585, 586, 587, 588, 590, 591, 593, 594, 597, 600, 601, 602, 604, 610, 613, 614, 616, 618, 619, 620, 621, 622, 623, 624, 629, 630, 631, 633, 635, 645, 646, 648, 649, 650, 651, 653, 655, 656, 657, 666, 668, 669, 671, 672, 675, 676, 677, 679, 685, 686, 688, 689, 690, 691, 692, 693, 694], "excluded_lines": [], "functions": {"_safe_thumbnail": {"executed_lines": [], "summary": {"covered_lines": 0, "num_statements": 4, "percent_covered": 0.0, "percent_covered_display": "0", "missing_lines": 4, "excluded_lines": 0, "percent_statements_covered": 0.0, "percent_statements_covered_display": "0"}, "missing_lines": [69, 70, 71, 72], "excluded_lines": [], "start_line": 67}, "run_fullstack_pipeline": {"executed_lines": [], "summary": {"covered_lines": 0, "num_statements": 22, "percent_covered": 0.0, "percent_covered_display": "0", "missing_lines": 22, "excluded_lines": 0, "percent_statements_covered": 0.0, "percent_statements_covered_display": "0"}, "missing_lines": [78, 81, 84, 87, 88, 89, 90, 91, 94, 95, 96, 97, 100, 101, 102, 105, 106, 109, 110, 118, 119, 121], "excluded_lines": [], "start_line": 75}, "run_modify_fullstack_pipeline": {"executed_lines": [], "summary": {"covered_lines": 0, "num_statements": 64, "percent_covered": 0.0, "percent_covered_display": "0", "missing_lines": 64, "excluded_lines": 0, "percent_statements_covered": 0.0, "percent_statements_covered_display": "0"}, "missing_lines": [131, 132, 135, 137, 140, 141, 143, 144, 145, 147, 148, 150, 153, 154, 155, 158, 164, 165, 168, 169, 172, 173, 174, 175, 176, 177, 179, 184, 185, 188, 189, 192, 193, 196, 197, 198, 199, 200, 201, 202, 205, 206, 207, 208, 209, 211, 214, 215, 216, 219, 220, 222, 223, 233, 234, 237, 239, 241, 242, 243, 244, 245, 246, 247], "excluded_lines": [], "start_line": 124}, "run_retry_pipeline": {"executed_lines": [], "summary": {"covered_lines": 0, "num_statements": 21, "percent_covered": 0.0, "percent_covered_display": "0", "missing_lines": 21, "excluded_lines": 0, "percent_statements_covered": 0.0, "percent_statements_covered_display": "0"}, "missing_lines": [256, 257, 258, 259, 260, 261, 263, 264, 266, 268, 269, 271, 274, 275, 277, 278, 279, 280, 281, 282, 283], "excluded_lines": [], "start_line": 250}, "_retry_simple": {"executed_lines": [], "summary": {"covered_lines": 0, "num_statements": 31, "percent_covered": 0.0, "percent_covered_display": "0", "missing_lines": 31, "excluded_lines": 0, "percent_statements_covered": 0.0, "percent_statements_covered_display": "0"}, "missing_lines": [291, 293, 294, 295, 297, 299, 300, 301, 303, 304, 305, 307, 308, 310, 326, 328, 330, 331, 342, 344, 345, 347, 348, 351, 352, 353, 356, 357, 358, 359, 371], "excluded_lines": [], "start_line": 286}, "_retry_fullstack": {"executed_lines": [], "summary": {"covered_lines": 0, "num_statements": 43, "percent_covered": 0.0, "percent_covered_display": "0", "missing_lines": 43, "excluded_lines": 0, "percent_statements_covered": 0.0, "percent_statements_covered_display": "0"}, "missing_lines": [376, 377, 378, 379, 380, 381, 382, 385, 386, 389, 390, 391, 393, 400, 403, 405, 406, 407, 408, 410, 412, 415, 416, 418, 421, 422, 423, 424, 425, 426, 429, 430, 431, 432, 435, 436, 437, 440, 441, 443, 444, 452, 453], "excluded_lines": [], "start_line": 374}, "run_pipeline": {"executed_lines": [], "summary": {"covered_lines": 0, "num_statements": 42, "percent_covered": 0.0, "percent_covered_display": "0", "missing_lines": 42, "excluded_lines": 0, "percent_statements_covered": 0.0, "percent_statements_covered_display": "0"}, "missing_lines": [458, 459, 460, 461, 462, 463, 464, 467, 468, 471, 472, 474, 476, 479, 482, 485, 491, 494, 495, 498, 501, 504, 507, 512, 515, 518, 521, 524, 527, 528, 529, 531, 543, 546, 547, 549, 550, 551, 552, 553, 554, 555], "excluded_lines": [], "start_line": 456}, "run_screenshot_pipeline": {"executed_lines": [], "summary": {"covered_lines": 0, "num_statements": 38, "percent_covered": 0.0, "percent_covered_display": "0", "missing_lines": 38, "excluded_lines": 0, "percent_statements_covered": 0.0, "percent_statements_covered_display": "0"}, "missing_lines": [560, 561, 562, 563, 566, 567, 568, 569, 570, 571, 572, 574, 582, 583, 585, 586, 587, 588, 590, 591, 593, 594, 597, 600, 601, 602, 604, 610, 613, 614, 616, 618, 619, 620, 621, 622, 623, 624], "excluded_lines": [], "start_line": 558}, "run_modify_pipeline": {"executed_lines": [], "summary": {"covered_lines": 0, "num_statements": 33, "percent_covered": 0.0, "percent_covered_display": "0", "missing_lines": 33, "excluded_lines": 0, "percent_statements_covered": 0.0, "percent_statements_covered_display": "0"}, "missing_lines": [629, 630, 631, 633, 635, 645, 646, 648, 649, 650, 651, 653, 655, 656, 657, 666, 668, 669, 671, 672, 675, 676, 677, 679, 685, 686, 688, 689, 690, 691, 692, 693, 694], "excluded_lines": [], "start_line": 627}, "": {"executed_lines": [10, 11, 12, 13, 15, 17, 18, 19, 20, 27, 34, 45, 46, 47, 48, 50, 54, 67, 75, 124, 250, 286, 374, 456, 558, 627], "summary": {"covered_lines": 26, "num_statements": 26, "percent_covered": 100.0, "percent_covered_display": "100", "missing_lines": 0, "excluded_lines": 0, "percent_statements_covered": 100.0, "percent_statements_covered_display": "100"}, "missing_lines": [], "excluded_lines": [], "start_line": 1}}, "classes": {"": {"executed_lines": [10, 11, 12, 13, 15, 17, 18, 19, 20, 27, 34, 45, 46, 47, 48, 50, 54, 67, 75, 124, 250, 286, 374, 456, 558, 627], "summary": {"covered_lines": 26, "num_statements": 324, "percent_covered": 8.024691358024691, "percent_covered_display": "8", "missing_lines": 298, "excluded_lines": 0, "percent_statements_covered": 8.024691358024691, "percent_statements_covered_display": "8"}, "missing_lines": [69, 70, 71, 72, 78, 81, 84, 87, 88, 89, 90, 91, 94, 95, 96, 97, 100, 101, 102, 105, 106, 109, 110, 118, 119, 121, 131, 132, 135, 137, 140, 141, 143, 144, 145, 147, 148, 150, 153, 154, 155, 158, 164, 165, 168, 169, 172, 173, 174, 175, 176, 177, 179, 184, 185, 188, 189, 192, 193, 196, 197, 198, 199, 200, 201, 202, 205, 206, 207, 208, 209, 211, 214, 215, 216, 219, 220, 222, 223, 233, 234, 237, 239, 241, 242, 243, 244, 245, 246, 247, 256, 257, 258, 259, 260, 261, 263, 264, 266, 268, 269, 271, 274, 275, 277, 278, 279, 280, 281, 282, 283, 291, 293, 294, 295, 297, 299, 300, 301, 303, 304, 305, 307, 308, 310, 326, 328, 330, 331, 342, 344, 345, 347, 348, 351, 352, 353, 356, 357, 358, 359, 371, 376, 377, 378, 379, 380, 381, 382, 385, 386, 389, 390, 391, 393, 400, 403, 405, 406, 407, 408, 410, 412, 415, 416, 418, 421, 422, 423, 424, 425, 426, 429, 430, 431, 432, 435, 436, 437, 440, 441, 443, 444, 452, 453, 458, 459, 460, 461, 462, 463, 464, 467, 468, 471, 472, 474, 476, 479, 482, 485, 491, 494, 495, 498, 501, 504, 507, 512, 515, 518, 521, 524, 527, 528, 529, 531, 543, 546, 547, 549, 550, 551, 552, 553, 554, 555, 560, 561, 562, 563, 566, 567, 568, 569, 570, 571, 572, 574, 582, 583, 585, 586, 587, 588, 590, 591, 593, 594, 597, 600, 601, 602, 604, 610, 613, 614, 616, 618, 619, 620, 621, 622, 623, 624, 629, 630, 631, 633, 635, 645, 646, 648, 649, 650, 651, 653, 655, 656, 657, 666, 668, 669, 671, 672, 675, 676, 677, 679, 685, 686, 688, 689, 690, 691, 692, 693, 694], "excluded_lines": [], "start_line": 1}}}, "agent/prompts.py": {"executed_lines": [3, 27, 69, 169, 182, 233, 277, 326, 368, 410, 460, 488, 495, 555, 635, 709, 796, 805, 822, 840, 886, 944, 974, 1049, 1091], "summary": {"covered_lines": 25, "num_statements": 25, "percent_covered": 100.0, "percent_covered_display": "100", "missing_lines": 0, "excluded_lines": 0, "percent_statements_covered": 100.0, "percent_statements_covered_display": "100"}, "missing_lines": [], "excluded_lines": [], "functions": {"": {"executed_lines": [3, 27, 69, 169, 182, 233, 277, 326, 368, 410, 460, 488, 495, 555, 635, 709, 796, 805, 822, 840, 886, 944, 974, 1049, 1091], "summary": {"covered_lines": 25, "num_statements": 25, "percent_covered": 100.0, "percent_covered_display": "100", "missing_lines": 0, "excluded_lines": 0, "percent_statements_covered": 100.0, "percent_statements_covered_display": "100"}, "missing_lines": [], "excluded_lines": [], "start_line": 1}}, "classes": {"": {"executed_lines": [3, 27, 69, 169, 182, 233, 277, 326, 368, 410, 460, 488, 495, 555, 635, 709, 796, 805, 822, 840, 886, 944, 974, 1049, 1091], "summary": {"covered_lines": 25, "num_statements": 25, "percent_covered": 100.0, "percent_covered_display": "100", "missing_lines": 0, "excluded_lines": 0, "percent_statements_covered": 100.0, "percent_statements_covered_display": "100"}, "missing_lines": [], "excluded_lines": [], "start_line": 1}}}, "agent/steps.py": {"executed_lines": [3, 4, 5, 6, 8, 15, 16, 23, 25, 30, 75, 130, 230, 260], "summary": {"covered_lines": 14, "num_statements": 122, "percent_covered": 11.475409836065573, "percent_covered_display": "11", "missing_lines": 108, "excluded_lines": 0, "percent_statements_covered": 11.475409836065573, "percent_statements_covered_display": "11"}, "missing_lines": [32, 33, 35, 43, 44, 45, 46, 47, 48, 49, 58, 59, 60, 61, 63, 69, 70, 71, 72, 77, 80, 81, 82, 95, 96, 105, 106, 108, 109, 110, 112, 113, 115, 116, 117, 126, 127, 132, 133, 136, 145, 146, 147, 159, 161, 162, 175, 176, 177, 179, 180, 182, 183, 184, 186, 188, 189, 199, 201, 203, 204, 220, 222, 223, 225, 226, 227, 232, 233, 235, 244, 245, 247, 248, 249, 251, 252, 253, 255, 256, 257, 265, 268, 269, 270, 273, 274, 275, 276, 278, 280, 281, 282, 283, 284, 285, 286, 288, 289, 292, 293, 294, 295, 296, 297, 298, 299, 301], "excluded_lines": [], "functions": {"parse_request": {"executed_lines": [], "summary": {"covered_lines": 0, "num_statements": 19, "percent_covered": 0.0, "percent_covered_display": "0", "missing_lines": 19, "excluded_lines": 0, "percent_statements_covered": 0.0, "percent_statements_covered_display": "0"}, "missing_lines": [32, 33, 35, 43, 44, 45, 46, 47, 48, 49, 58, 59, 60, 61, 63, 69, 70, 71, 72], "excluded_lines": [], "start_line": 30}, "plan_app": {"executed_lines": [], "summary": {"covered_lines": 0, "num_statements": 18, "percent_covered": 0.0, "percent_covered_display": "0", "missing_lines": 18, "excluded_lines": 0, "percent_statements_covered": 0.0, "percent_statements_covered_display": "0"}, "missing_lines": [77, 80, 81, 82, 95, 96, 105, 106, 108, 109, 110, 112, 113, 115, 116, 117, 126, 127], "excluded_lines": [], "start_line": 75}, "generate_code": {"executed_lines": [], "summary": {"covered_lines": 0, "num_statements": 30, "percent_covered": 0.0, "percent_covered_display": "0", "missing_lines": 30, "excluded_lines": 0, "percent_statements_covered": 0.0, "percent_statements_covered_display": "0"}, "missing_lines": [132, 133, 136, 145, 146, 147, 159, 161, 162, 175, 176, 177, 179, 180, 182, 183, 184, 186, 188, 189, 199, 201, 203, 204, 220, 222, 223, 225, 226, 227], "excluded_lines": [], "start_line": 130}, "review_code": {"executed_lines": [], "summary": {"covered_lines": 0, "num_statements": 14, "percent_covered": 0.0, "percent_covered_display": "0", "missing_lines": 14, "excluded_lines": 0, "percent_statements_covered": 0.0, "percent_statements_covered_display": "0"}, "missing_lines": [232, 233, 235, 244, 245, 247, 248, 249, 251, 252, 253, 255, 256, 257], "excluded_lines": [], "start_line": 230}, "generate_thumbnail": {"executed_lines": [], "summary": {"covered_lines": 0, "num_statements": 27, "percent_covered": 0.0, "percent_covered_display": "0", "missing_lines": 27, "excluded_lines": 0, "percent_statements_covered": 0.0, "percent_statements_covered_display": "0"}, "missing_lines": [265, 268, 269, 270, 273, 274, 275, 276, 278, 280, 281, 282, 283, 284, 285, 286, 288, 289, 292, 293, 294, 295, 296, 297, 298, 299, 301], "excluded_lines": [], "start_line": 260}, "": {"executed_lines": [3, 4, 5, 6, 8, 15, 16, 23, 25, 30, 75, 130, 230, 260], "summary": {"covered_lines": 14, "num_statements": 14, "percent_covered": 100.0, "percent_covered_display": "100", "missing_lines": 0, "excluded_lines": 0, "percent_statements_covered": 100.0, "percent_statements_covered_display": "100"}, "missing_lines": [], "excluded_lines": [], "start_line": 1}}, "classes": {"": {"executed_lines": [3, 4, 5, 6, 8, 15, 16, 23, 25, 30, 75, 130, 230, 260], "summary": {"covered_lines": 14, "num_statements": 122, "percent_covered": 11.475409836065573, "percent_covered_display": "11", "missing_lines": 108, "excluded_lines": 0, "percent_statements_covered": 11.475409836065573, "percent_statements_covered_display": "11"}, "missing_lines": [32, 33, 35, 43, 44, 45, 46, 47, 48, 49, 58, 59, 60, 61, 63, 69, 70, 71, 72, 77, 80, 81, 82, 95, 96, 105, 106, 108, 109, 110, 112, 113, 115, 116, 117, 126, 127, 132, 133, 136, 145, 146, 147, 159, 161, 162, 175, 176, 177, 179, 180, 182, 183, 184, 186, 188, 189, 199, 201, 203, 204, 220, 222, 223, 225, 226, 227, 232, 233, 235, 244, 245, 247, 248, 249, 251, 252, 253, 255, 256, 257, 265, 268, 269, 270, 273, 274, 275, 276, 278, 280, 281, 282, 283, 284, 285, 286, 288, 289, 292, 293, 294, 295, 296, 297, 298, 299, 301], "excluded_lines": [], "start_line": 1}}}, "agent/test_gen.py": {"executed_lines": [], "summary": {"covered_lines": 0, "num_statements": 77, "percent_covered": 0.0, "percent_covered_display": "0", "missing_lines": 77, "excluded_lines": 0, "percent_statements_covered": 0.0, "percent_statements_covered_display": "0"}, "missing_lines": [3, 4, 5, 7, 8, 9, 11, 14, 27, 28, 29, 32, 34, 41, 42, 53, 54, 55, 56, 57, 70, 71, 72, 73, 75, 76, 78, 81, 86, 87, 88, 89, 90, 91, 93, 95, 96, 97, 98, 100, 101, 108, 116, 117, 128, 129, 130, 131, 132, 145, 146, 147, 148, 150, 151, 153, 156, 158, 161, 162, 163, 164, 165, 166, 167, 168, 169, 172, 173, 175, 176, 177, 178, 179, 180, 181, 183], "excluded_lines": [], "functions": {"generate_tests": {"executed_lines": [], "summary": {"covered_lines": 0, "num_statements": 3, "percent_covered": 0.0, "percent_covered_display": "0", "missing_lines": 3, "excluded_lines": 0, "percent_statements_covered": 0.0, "percent_statements_covered_display": "0"}, "missing_lines": [27, 28, 29], "excluded_lines": [], "start_line": 14}, "_generate_simple_tests": {"executed_lines": [], "summary": {"covered_lines": 0, "num_statements": 15, "percent_covered": 0.0, "percent_covered_display": "0", "missing_lines": 15, "excluded_lines": 0, "percent_statements_covered": 0.0, "percent_statements_covered_display": "0"}, "missing_lines": [34, 41, 42, 53, 54, 55, 56, 57, 70, 71, 72, 73, 75, 76, 78], "excluded_lines": [], "start_line": 32}, "_generate_fullstack_tests": {"executed_lines": [], "summary": {"covered_lines": 0, "num_statements": 28, "percent_covered": 0.0, "percent_covered_display": "0", "missing_lines": 28, "excluded_lines": 0, "percent_statements_covered": 0.0, "percent_statements_covered_display": "0"}, "missing_lines": [86, 87, 88, 89, 90, 91, 93, 95, 96, 97, 98, 100, 101, 108, 116, 117, 128, 129, 130, 131, 132, 145, 146, 147, 148, 150, 151, 153], "excluded_lines": [], "start_line": 81}, "_extract_code": {"executed_lines": [], "summary": {"covered_lines": 0, "num_statements": 20, "percent_covered": 0.0, "percent_covered_display": "0", "missing_lines": 20, "excluded_lines": 0, "percent_statements_covered": 0.0, "percent_statements_covered_display": "0"}, "missing_lines": [158, 161, 162, 163, 164, 165, 166, 167, 168, 169, 172, 173, 175, 176, 177, 178, 179, 180, 181, 183], "excluded_lines": [], "start_line": 156}, "": {"executed_lines": [], "summary": {"covered_lines": 0, "num_statements": 11, "percent_covered": 0.0, "percent_covered_display": "0", "missing_lines": 11, "excluded_lines": 0, "percent_statements_covered": 0.0, "percent_statements_covered_display": "0"}, "missing_lines": [3, 4, 5, 7, 8, 9, 11, 14, 32, 81, 156], "excluded_lines": [], "start_line": 1}}, "classes": {"": {"executed_lines": [], "summary": {"covered_lines": 0, "num_statements": 77, "percent_covered": 0.0, "percent_covered_display": "0", "missing_lines": 77, "excluded_lines": 0, "percent_statements_covered": 0.0, "percent_statements_covered_display": "0"}, "missing_lines": [3, 4, 5, 7, 8, 9, 11, 14, 27, 28, 29, 32, 34, 41, 42, 53, 54, 55, 56, 57, 70, 71, 72, 73, 75, 76, 78, 81, 86, 87, 88, 89, 90, 91, 93, 95, 96, 97, 98, 100, 101, 108, 116, 117, 128, 129, 130, 131, 132, 145, 146, 147, 148, 150, 151, 153, 156, 158, 161, 162, 163, 164, 165, 166, 167, 168, 169, 172, 173, 175, 176, 177, 178, 179, 180, 181, 183], "excluded_lines": [], "start_line": 1}}}, "config.py": {"executed_lines": [3, 4, 7, 8, 15, 16, 17, 18, 19, 20, 21, 22, 23, 24, 27, 28, 29, 30, 31, 34, 35, 36, 39, 42, 45, 46, 47, 48, 50, 51, 52, 53, 54, 59], "summary": {"covered_lines": 34, "num_statements": 36, "percent_covered": 94.44444444444444, "percent_covered_display": "94", "missing_lines": 2, "excluded_lines": 0, "percent_statements_covered": 94.44444444444444, "percent_statements_covered_display": "94"}, "missing_lines": [55, 56], "excluded_lines": [], "functions": {"Settings.cors_origins_list": {"executed_lines": [52, 53, 54], "summary": {"covered_lines": 3, "num_statements": 5, "percent_covered": 60.0, "percent_covered_display": "60", "missing_lines": 2, "excluded_lines": 0, "percent_statements_covered": 60.0, "percent_statements_covered_display": "60"}, "missing_lines": [55, 56], "excluded_lines": [], "start_line": 51}, "": {"executed_lines": [3, 4, 7, 8, 15, 16, 17, 18, 19, 20, 21, 22, 23, 24, 27, 28, 29, 30, 31, 34, 35, 36, 39, 42, 45, 46, 47, 48, 50, 51, 59], "summary": {"covered_lines": 31, "num_statements": 31, "percent_covered": 100.0, "percent_covered_display": "100", "missing_lines": 0, "excluded_lines": 0, "percent_statements_covered": 100.0, "percent_statements_covered_display": "100"}, "missing_lines": [], "excluded_lines": [], "start_line": 1}}, "classes": {"Settings": {"executed_lines": [52, 53, 54], "summary": {"covered_lines": 3, "num_statements": 5, "percent_covered": 60.0, "percent_covered_display": "60", "missing_lines": 2, "excluded_lines": 0, "percent_statements_covered": 60.0, "percent_statements_covered_display": "60"}, "missing_lines": [55, 56], "excluded_lines": [], "start_line": 7}, "": {"executed_lines": [3, 4, 7, 8, 15, 16, 17, 18, 19, 20, 21, 22, 23, 24, 27, 28, 29, 30, 31, 34, 35, 36, 39, 42, 45, 46, 47, 48, 50, 51, 59], "summary": {"covered_lines": 31, "num_statements": 31, "percent_covered": 100.0, "percent_covered_display": "100", "missing_lines": 0, "excluded_lines": 0, "percent_statements_covered": 100.0, "percent_statements_covered_display": "100"}, "missing_lines": [], "excluded_lines": [], "start_line": 1}}}, "database.py": {"executed_lines": [3, 4, 5, 7, 9, 16, 17, 18, 21, 23, 38, 39, 40, 41, 44, 45, 48, 49, 50, 53], "summary": {"covered_lines": 20, "num_statements": 23, "percent_covered": 86.95652173913044, "percent_covered_display": "87", "missing_lines": 3, "excluded_lines": 0, "percent_statements_covered": 86.95652173913044, "percent_statements_covered_display": "87"}, "missing_lines": [42, 43, 55], "excluded_lines": [], "functions": {"create_db_and_tables": {"executed_lines": [17, 18], "summary": {"covered_lines": 2, "num_statements": 2, "percent_covered": 100.0, "percent_covered_display": "100", "missing_lines": 0, "excluded_lines": 0, "percent_statements_covered": 100.0, "percent_statements_covered_display": "100"}, "missing_lines": [], "excluded_lines": [], "start_line": 16}, "_migrate_new_columns": {"executed_lines": [23, 38, 39, 40, 41, 44, 45], "summary": {"covered_lines": 7, "num_statements": 9, "percent_covered": 77.77777777777777, "percent_covered_display": "78", "missing_lines": 2, "excluded_lines": 0, "percent_statements_covered": 77.77777777777777, "percent_statements_covered_display": "78"}, "missing_lines": [42, 43], "excluded_lines": [], "start_line": 21}, "get_session": {"executed_lines": [49, 50], "summary": {"covered_lines": 2, "num_statements": 2, "percent_covered": 100.0, "percent_covered_display": "100", "missing_lines": 0, "excluded_lines": 0, "percent_statements_covered": 100.0, "percent_statements_covered_display": "100"}, "missing_lines": [], "excluded_lines": [], "start_line": 48}, "get_new_session": {"executed_lines": [], "summary": {"covered_lines": 0, "num_statements": 1, "percent_covered": 0.0, "percent_covered_display": "0", "missing_lines": 1, "excluded_lines": 0, "percent_statements_covered": 0.0, "percent_statements_covered_display": "0"}, "missing_lines": [55], "excluded_lines": [], "start_line": 53}, "": {"executed_lines": [3, 4, 5, 7, 9, 16, 21, 48, 53], "summary": {"covered_lines": 9, "num_statements": 9, "percent_covered": 100.0, "percent_covered_display": "100", "missing_lines": 0, "excluded_lines": 0, "percent_statements_covered": 100.0, "percent_statements_covered_display": "100"}, "missing_lines": [], "excluded_lines": [], "start_line": 1}}, "classes": {"": {"executed_lines": [3, 4, 5, 7, 9, 16, 17, 18, 21, 23, 38, 39, 40, 41, 44, 45, 48, 49, 50, 53], "summary": {"covered_lines": 20, "num_statements": 23, "percent_covered": 86.95652173913044, "percent_covered_display": "87", "missing_lines": 3, "excluded_lines": 0, "percent_statements_covered": 86.95652173913044, "percent_statements_covered_display": "87"}, "missing_lines": [42, 43, 55], "excluded_lines": [], "start_line": 1}}}, "main.py": {"executed_lines": [3, 4, 5, 7, 8, 9, 10, 11, 12, 13, 14, 16, 17, 18, 19, 20, 21, 22, 24, 25, 28, 29, 30, 33, 34, 54, 56, 62, 63, 66, 75, 76, 77, 81, 82, 83, 91, 95, 144, 145, 151, 152, 155, 156, 165], "summary": {"covered_lines": 45, "num_statements": 81, "percent_covered": 55.55555555555556, "percent_covered_display": "56", "missing_lines": 36, "excluded_lines": 0, "percent_statements_covered": 55.55555555555556, "percent_statements_covered_display": "56"}, "missing_lines": [36, 37, 38, 39, 40, 41, 42, 43, 45, 46, 47, 48, 49, 50, 51, 97, 98, 99, 100, 106, 109, 110, 113, 114, 115, 116, 127, 132, 133, 137, 138, 147, 158, 159, 160, 161], "excluded_lines": [], "functions": {"lifespan": {"executed_lines": [], "summary": {"covered_lines": 0, "num_statements": 15, "percent_covered": 0.0, "percent_covered_display": "0", "missing_lines": 15, "excluded_lines": 0, "percent_statements_covered": 0.0, "percent_statements_covered_display": "0"}, "missing_lines": [36, 37, 38, 39, 40, 41, 42, 43, 45, 46, 47, 48, 49, 50, 51], "excluded_lines": [], "start_line": 34}, "health": {"executed_lines": [83], "summary": {"covered_lines": 1, "num_statements": 1, "percent_covered": 100.0, "percent_covered_display": "100", "missing_lines": 0, "excluded_lines": 0, "percent_statements_covered": 100.0, "percent_statements_covered_display": "100"}, "missing_lines": [], "excluded_lines": [], "start_line": 82}, "proxy_app_api": {"executed_lines": [], "summary": {"covered_lines": 0, "num_statements": 16, "percent_covered": 0.0, "percent_covered_display": "0", "missing_lines": 16, "excluded_lines": 0, "percent_statements_covered": 0.0, "percent_statements_covered_display": "0"}, "missing_lines": [97, 98, 99, 100, 106, 109, 110, 113, 114, 115, 116, 127, 132, 133, 137, 138], "excluded_lines": [], "start_line": 95}, "list_processes": {"executed_lines": [], "summary": {"covered_lines": 0, "num_statements": 1, "percent_covered": 0.0, "percent_covered_display": "0", "missing_lines": 1, "excluded_lines": 0, "percent_statements_covered": 0.0, "percent_statements_covered_display": "0"}, "missing_lines": [147], "excluded_lines": [], "start_line": 145}, "get_thumbnail": {"executed_lines": [], "summary": {"covered_lines": 0, "num_statements": 4, "percent_covered": 0.0, "percent_covered_display": "0", "missing_lines": 4, "excluded_lines": 0, "percent_statements_covered": 0.0, "percent_statements_covered_display": "0"}, "missing_lines": [158, 159, 160, 161], "excluded_lines": [], "start_line": 156}, "": {"executed_lines": [3, 4, 5, 7, 8, 9, 10, 11, 12, 13, 14, 16, 17, 18, 19, 20, 21, 22, 24, 25, 28, 29, 30, 33, 34, 54, 56, 62, 63, 66, 75, 76, 77, 81, 82, 91, 95, 144, 145, 151, 152, 155, 156, 165], "summary": {"covered_lines": 44, "num_statements": 44, "percent_covered": 100.0, "percent_covered_display": "100", "missing_lines": 0, "excluded_lines": 0, "percent_statements_covered": 100.0, "percent_statements_covered_display": "100"}, "missing_lines": [], "excluded_lines": [], "start_line": 1}}, "classes": {"": {"executed_lines": [3, 4, 5, 7, 8, 9, 10, 11, 12, 13, 14, 16, 17, 18, 19, 20, 21, 22, 24, 25, 28, 29, 30, 33, 34, 54, 56, 62, 63, 66, 75, 76, 77, 81, 82, 83, 91, 95, 144, 145, 151, 152, 155, 156, 165], "summary": {"covered_lines": 45, "num_statements": 81, "percent_covered": 55.55555555555556, "percent_covered_display": "56", "missing_lines": 36, "excluded_lines": 0, "percent_statements_covered": 55.55555555555556, "percent_statements_covered_display": "56"}, "missing_lines": [36, 37, 38, 39, 40, 41, 42, 43, 45, 46, 47, 48, 49, 50, 51, 97, 98, 99, 100, 106, 109, 110, 113, 114, 115, 116, 127, 132, 133, 137, 138, 147, 158, 159, 160, 161], "excluded_lines": [], "start_line": 1}}}, "models.py": {"executed_lines": [3, 4, 5, 6, 9, 10, 13, 14, 16, 17, 18, 19, 20, 21, 22, 23, 24, 25, 26, 27, 28, 29, 30, 31, 32, 33, 34, 35, 36, 37, 38, 39, 40, 41, 42, 43, 46, 47, 49, 50, 51, 52, 53, 54, 55], "summary": {"covered_lines": 45, "num_statements": 45, "percent_covered": 100.0, "percent_covered_display": "100", "missing_lines": 0, "excluded_lines": 0, "percent_statements_covered": 100.0, "percent_statements_covered_display": "100"}, "missing_lines": [], "excluded_lines": [], "functions": {"utcnow": {"executed_lines": [10], "summary": {"covered_lines": 1, "num_statements": 1, "percent_covered": 100.0, "percent_covered_display": "100", "missing_lines": 0, "excluded_lines": 0, "percent_statements_covered": 100.0, "percent_statements_covered_display": "100"}, "missing_lines": [], "excluded_lines": [], "start_line": 9}, "": {"executed_lines": [3, 4, 5, 6, 9, 13, 14, 16, 17, 18, 19, 20, 21, 22, 23, 24, 25, 26, 27, 28, 29, 30, 31, 32, 33, 34, 35, 36, 37, 38, 39, 40, 41, 42, 43, 46, 47, 49, 50, 51, 52, 53, 54, 55], "summary": {"covered_lines": 44, "num_statements": 44, "percent_covered": 100.0, "percent_covered_display": "100", "missing_lines": 0, "excluded_lines": 0, "percent_statements_covered": 100.0, "percent_statements_covered_display": "100"}, "missing_lines": [], "excluded_lines": [], "start_line": 1}}, "classes": {"Build": {"executed_lines": [], "summary": {"covered_lines": 0, "num_statements": 0, "percent_covered": 100.0, "percent_covered_display": "100", "missing_lines": 0, "excluded_lines": 0, "percent_statements_covered": 100.0, "percent_statements_covered_display": "100"}, "missing_lines": [], "excluded_lines": [], "start_line": 13}, "Mention": {"executed_lines": [], "summary": {"covered_lines": 0, "num_statements": 0, "percent_covered": 100.0, "percent_covered_display": "100", "missing_lines": 0, "excluded_lines": 0, "percent_statements_covered": 100.0, "percent_statements_covered_display": "100"}, "missing_lines": [], "excluded_lines": [], "start_line": 46}, "": {"executed_lines": [3, 4, 5, 6, 9, 10, 13, 14, 16, 17, 18, 19, 20, 21, 22, 23, 24, 25, 26, 27, 28, 29, 30, 31, 32, 33, 34, 35, 36, 37, 38, 39, 40, 41, 42, 43, 46, 47, 49, 50, 51, 52, 53, 54, 55], "summary": {"covered_lines": 45, "num_statements": 45, "percent_covered": 100.0, "percent_covered_display": "100", "missing_lines": 0, "excluded_lines": 0, "percent_statements_covered": 100.0, "percent_statements_covered_display": "100"}, "missing_lines": [], "excluded_lines": [], "start_line": 1}}}, "routers/__init__.py": {"executed_lines": [], "summary": {"covered_lines": 0, "num_statements": 0, "percent_covered": 100.0, "percent_covered_display": "100", "missing_lines": 0, "excluded_lines": 0, "percent_statements_covered": 100.0, "percent_statements_covered_display": "100"}, "missing_lines": [], "excluded_lines": [], "functions": {"": {"executed_lines": [], "summary": {"covered_lines": 0, "num_statements": 0, "percent_covered": 100.0, "percent_covered_display": "100", "missing_lines": 0, "excluded_lines": 0, "percent_statements_covered": 100.0, "percent_statements_covered_display": "100"}, "missing_lines": [], "excluded_lines": [], "start_line": 1}}, "classes": {"": {"executed_lines": [], "summary": {"covered_lines": 0, "num_statements": 0, "percent_covered": 100.0, "percent_covered_display": "100", "missing_lines": 0, "excluded_lines": 0, "percent_statements_covered": 100.0, "percent_statements_covered_display": "100"}, "missing_lines": [], "excluded_lines": [], "start_line": 1}}}, "routers/builds.py": {"executed_lines": [3, 4, 5, 6, 7, 9, 10, 11, 12, 13, 14, 15, 16, 18, 19, 20, 21, 23, 24, 27, 28, 29, 30, 31, 34, 35, 36, 39, 40, 43, 44, 47, 48, 51, 52, 53, 54, 55, 56, 57, 58, 59, 60, 61, 62, 63, 64, 65, 66, 67, 68, 69, 70, 71, 72, 73, 74, 75, 76, 77, 78, 79, 81, 82, 85, 86, 87, 89, 97, 98, 99, 101, 102, 105, 106, 107, 138, 139, 146, 147, 149, 150, 151, 154, 155, 157, 158, 159, 160, 163, 164, 173, 174, 206, 207, 227, 228, 267, 268, 316, 329, 330, 351, 352, 353, 395, 396, 434, 435, 462, 463, 468, 469, 471, 472, 474, 475, 476, 480, 481, 505, 506, 558, 559, 560, 590, 591, 593, 594, 595, 598, 599, 600, 601, 605, 606, 607, 612, 613, 615, 618, 619, 676, 678, 679], "summary": {"covered_lines": 145, "num_statements": 412, "percent_covered": 35.19417475728155, "percent_covered_display": "35", "missing_lines": 267, "excluded_lines": 0, "percent_statements_covered": 35.19417475728155, "percent_statements_covered_display": "35"}, "missing_lines": [110, 111, 112, 113, 114, 115, 117, 119, 120, 121, 123, 130, 131, 132, 134, 135, 148, 166, 167, 168, 169, 170, 177, 178, 179, 181, 183, 185, 186, 188, 189, 190, 191, 194, 195, 196, 197, 199, 201, 203, 209, 210, 211, 212, 213, 215, 216, 217, 218, 219, 220, 221, 222, 223, 224, 230, 231, 232, 234, 235, 236, 238, 248, 249, 250, 252, 254, 255, 256, 261, 264, 270, 271, 272, 273, 274, 276, 277, 278, 281, 283, 293, 296, 297, 298, 300, 301, 303, 304, 305, 306, 310, 313, 318, 319, 320, 321, 322, 323, 324, 325, 326, 332, 333, 334, 335, 336, 338, 339, 340, 341, 343, 344, 360, 361, 362, 363, 364, 365, 366, 368, 369, 370, 373, 374, 375, 376, 377, 379, 381, 382, 384, 385, 386, 387, 388, 389, 390, 391, 392, 398, 399, 400, 402, 403, 405, 407, 408, 409, 416, 418, 419, 420, 421, 422, 423, 424, 426, 437, 438, 439, 441, 442, 443, 451, 452, 459, 470, 477, 483, 486, 487, 488, 489, 491, 494, 495, 497, 498, 499, 500, 502, 508, 509, 510, 513, 514, 515, 516, 517, 518, 519, 520, 521, 522, 523, 526, 527, 528, 529, 530, 531, 532, 533, 534, 535, 536, 537, 547, 550, 551, 554, 555, 562, 563, 564, 567, 568, 569, 572, 573, 574, 575, 576, 579, 580, 581, 582, 583, 584, 586, 587, 602, 608, 609, 621, 622, 623, 624, 625, 626, 627, 629, 631, 632, 634, 642, 643, 646, 647, 648, 649, 651, 653, 654, 655, 658, 660, 661, 662, 663, 665, 666, 667, 669, 680, 681], "excluded_lines": [], "functions": {"create_build": {"executed_lines": [89, 97, 98, 99, 101, 102], "summary": {"covered_lines": 6, "num_statements": 6, "percent_covered": 100.0, "percent_covered_display": "100", "missing_lines": 0, "excluded_lines": 0, "percent_statements_covered": 100.0, "percent_statements_covered_display": "100"}, "missing_lines": [], "excluded_lines": [], "start_line": 87}, "create_build_from_image": {"executed_lines": [], "summary": {"covered_lines": 0, "num_statements": 16, "percent_covered": 0.0, "percent_covered_display": "0", "missing_lines": 16, "excluded_lines": 0, "percent_statements_covered": 0.0, "percent_statements_covered_display": "0"}, "missing_lines": [110, 111, 112, 113, 114, 115, 117, 119, 120, 121, 123, 130, 131, 132, 134, 135], "excluded_lines": [], "start_line": 107}, "list_builds": {"executed_lines": [146, 147, 149, 150, 151], "summary": {"covered_lines": 5, "num_statements": 6, "percent_covered": 83.33333333333333, "percent_covered_display": "83", "missing_lines": 1, "excluded_lines": 0, "percent_statements_covered": 83.33333333333333, "percent_statements_covered_display": "83"}, "missing_lines": [148], "excluded_lines": [], "start_line": 139}, "get_build": {"executed_lines": [157, 158, 159, 160], "summary": {"covered_lines": 4, "num_statements": 4, "percent_covered": 100.0, "percent_covered_display": "100", "missing_lines": 0, "excluded_lines": 0, "percent_statements_covered": 100.0, "percent_statements_covered_display": "100"}, "missing_lines": [], "excluded_lines": [], "start_line": 155}, "get_build_steps": {"executed_lines": [], "summary": {"covered_lines": 0, "num_statements": 5, "percent_covered": 0.0, "percent_covered_display": "0", "missing_lines": 5, "excluded_lines": 0, "percent_statements_covered": 0.0, "percent_statements_covered_display": "0"}, "missing_lines": [166, 167, 168, 169, 170], "excluded_lines": [], "start_line": 164}, "stream_build": {"executed_lines": [], "summary": {"covered_lines": 0, "num_statements": 2, "percent_covered": 0.0, "percent_covered_display": "0", "missing_lines": 2, "excluded_lines": 0, "percent_statements_covered": 0.0, "percent_statements_covered_display": "0"}, "missing_lines": [177, 203], "excluded_lines": [], "start_line": 174}, "stream_build.event_generator": {"executed_lines": [], "summary": {"covered_lines": 0, "num_statements": 16, "percent_covered": 0.0, "percent_covered_display": "0", "missing_lines": 16, "excluded_lines": 0, "percent_statements_covered": 0.0, "percent_statements_covered_display": "0"}, "missing_lines": [178, 179, 181, 183, 185, 186, 188, 189, 190, 191, 194, 195, 196, 197, 199, 201], "excluded_lines": [], "start_line": 177}, "deploy_build": {"executed_lines": [], "summary": {"covered_lines": 0, "num_statements": 15, "percent_covered": 0.0, "percent_covered_display": "0", "missing_lines": 15, "excluded_lines": 0, "percent_statements_covered": 0.0, "percent_statements_covered_display": "0"}, "missing_lines": [209, 210, 211, 212, 213, 215, 216, 217, 218, 219, 220, 221, 222, 223, 224], "excluded_lines": [], "start_line": 207}, "modify_build": {"executed_lines": [], "summary": {"covered_lines": 0, "num_statements": 16, "percent_covered": 0.0, "percent_covered_display": "0", "missing_lines": 16, "excluded_lines": 0, "percent_statements_covered": 0.0, "percent_statements_covered_display": "0"}, "missing_lines": [230, 231, 232, 234, 235, 236, 238, 248, 249, 250, 252, 254, 255, 256, 261, 264], "excluded_lines": [], "start_line": 228}, "remix_build": {"executed_lines": [], "summary": {"covered_lines": 0, "num_statements": 22, "percent_covered": 0.0, "percent_covered_display": "0", "missing_lines": 22, "excluded_lines": 0, "percent_statements_covered": 0.0, "percent_statements_covered_display": "0"}, "missing_lines": [270, 271, 272, 273, 274, 276, 277, 278, 281, 283, 293, 296, 297, 298, 300, 301, 303, 304, 305, 306, 310, 313], "excluded_lines": [], "start_line": 268}, "_count_versions": {"executed_lines": [], "summary": {"covered_lines": 0, "num_statements": 9, "percent_covered": 0.0, "percent_covered_display": "0", "missing_lines": 9, "excluded_lines": 0, "percent_statements_covered": 0.0, "percent_statements_covered_display": "0"}, "missing_lines": [318, 319, 320, 321, 322, 323, 324, 325, 326], "excluded_lines": [], "start_line": 316}, "download_build": {"executed_lines": [], "summary": {"covered_lines": 0, "num_statements": 11, "percent_covered": 0.0, "percent_covered_display": "0", "missing_lines": 11, "excluded_lines": 0, "percent_statements_covered": 0.0, "percent_statements_covered_display": "0"}, "missing_lines": [332, 333, 334, 335, 336, 338, 339, 340, 341, 343, 344], "excluded_lines": [], "start_line": 330}, "cloud_deploy_build": {"executed_lines": [], "summary": {"covered_lines": 0, "num_statements": 27, "percent_covered": 0.0, "percent_covered_display": "0", "missing_lines": 27, "excluded_lines": 0, "percent_statements_covered": 0.0, "percent_statements_covered_display": "0"}, "missing_lines": [360, 361, 362, 363, 364, 365, 366, 368, 369, 370, 373, 374, 375, 376, 377, 379, 381, 382, 384, 385, 386, 387, 388, 389, 390, 391, 392], "excluded_lines": [], "start_line": 353}, "get_cloud_deploy_status": {"executed_lines": [], "summary": {"covered_lines": 0, "num_statements": 18, "percent_covered": 0.0, "percent_covered_display": "0", "missing_lines": 18, "excluded_lines": 0, "percent_statements_covered": 0.0, "percent_statements_covered_display": "0"}, "missing_lines": [398, 399, 400, 402, 403, 405, 407, 408, 409, 416, 418, 419, 420, 421, 422, 423, 424, 426], "excluded_lines": [], "start_line": 396}, "get_build_files": {"executed_lines": [], "summary": {"covered_lines": 0, "num_statements": 9, "percent_covered": 0.0, "percent_covered_display": "0", "missing_lines": 9, "excluded_lines": 0, "percent_statements_covered": 0.0, "percent_statements_covered_display": "0"}, "missing_lines": [437, 438, 439, 441, 442, 443, 451, 452, 459], "excluded_lines": [], "start_line": 435}, "update_build_file": {"executed_lines": [468, 469, 471, 472, 474, 475, 476, 480, 481], "summary": {"covered_lines": 9, "num_statements": 24, "percent_covered": 37.5, "percent_covered_display": "38", "missing_lines": 15, "excluded_lines": 0, "percent_statements_covered": 37.5, "percent_statements_covered_display": "38"}, "missing_lines": [470, 477, 483, 486, 487, 488, 489, 491, 494, 495, 497, 498, 499, 500, 502], "excluded_lines": [], "start_line": 463}, "get_build_chain": {"executed_lines": [], "summary": {"covered_lines": 0, "num_statements": 31, "percent_covered": 0.0, "percent_covered_display": "0", "missing_lines": 31, "excluded_lines": 0, "percent_statements_covered": 0.0, "percent_statements_covered_display": "0"}, "missing_lines": [508, 509, 510, 513, 514, 515, 516, 517, 518, 519, 520, 521, 522, 523, 526, 527, 528, 529, 530, 531, 532, 533, 534, 535, 536, 537, 547, 550, 551, 554, 555], "excluded_lines": [], "start_line": 506}, "retry_build": {"executed_lines": [], "summary": {"covered_lines": 0, "num_statements": 19, "percent_covered": 0.0, "percent_covered_display": "0", "missing_lines": 19, "excluded_lines": 0, "percent_statements_covered": 0.0, "percent_statements_covered_display": "0"}, "missing_lines": [562, 563, 564, 567, 568, 569, 572, 573, 574, 575, 576, 579, 580, 581, 582, 583, 584, 586, 587], "excluded_lines": [], "start_line": 560}, "delete_build": {"executed_lines": [593, 594, 595, 598, 599, 600, 601, 605, 606, 607, 612, 613, 615], "summary": {"covered_lines": 13, "num_statements": 16, "percent_covered": 81.25, "percent_covered_display": "81", "missing_lines": 3, "excluded_lines": 0, "percent_statements_covered": 81.25, "percent_statements_covered_display": "81"}, "missing_lines": [602, 608, 609], "excluded_lines": [], "start_line": 591}, "generate_tests_for_build": {"executed_lines": [], "summary": {"covered_lines": 0, "num_statements": 30, "percent_covered": 0.0, "percent_covered_display": "0", "missing_lines": 30, "excluded_lines": 0, "percent_statements_covered": 0.0, "percent_statements_covered_display": "0"}, "missing_lines": [621, 622, 623, 624, 625, 626, 627, 629, 631, 632, 634, 642, 643, 646, 647, 648, 649, 651, 653, 654, 655, 658, 660, 661, 662, 663, 665, 666, 667, 669], "excluded_lines": [], "start_line": 619}, "_run_build_pipeline": {"executed_lines": [678, 679], "summary": {"covered_lines": 2, "num_statements": 4, "percent_covered": 50.0, "percent_covered_display": "50", "missing_lines": 2, "excluded_lines": 0, "percent_statements_covered": 50.0, "percent_statements_covered_display": "50"}, "missing_lines": [680, 681], "excluded_lines": [], "start_line": 676}, "": {"executed_lines": [3, 4, 5, 6, 7, 9, 10, 11, 12, 13, 14, 15, 16, 18, 19, 20, 21, 23, 24, 27, 28, 29, 30, 31, 34, 35, 36, 39, 40, 43, 44, 47, 48, 51, 52, 53, 54, 55, 56, 57, 58, 59, 60, 61, 62, 63, 64, 65, 66, 67, 68, 69, 70, 71, 72, 73, 74, 75, 76, 77, 78, 79, 81, 82, 85, 86, 87, 105, 106, 107, 138, 139, 154, 155, 163, 164, 173, 174, 206, 207, 227, 228, 267, 268, 316, 329, 330, 351, 352, 353, 395, 396, 434, 435, 462, 463, 505, 506, 558, 559, 560, 590, 591, 618, 619, 676], "summary": {"covered_lines": 106, "num_statements": 106, "percent_covered": 100.0, "percent_covered_display": "100", "missing_lines": 0, "excluded_lines": 0, "percent_statements_covered": 100.0, "percent_statements_covered_display": "100"}, "missing_lines": [], "excluded_lines": [], "start_line": 1}}, "classes": {"BuildCreate": {"executed_lines": [], "summary": {"covered_lines": 0, "num_statements": 0, "percent_covered": 100.0, "percent_covered_display": "100", "missing_lines": 0, "excluded_lines": 0, "percent_statements_covered": 100.0, "percent_statements_covered_display": "100"}, "missing_lines": [], "excluded_lines": [], "start_line": 27}, "ScreenshotBuildCreate": {"executed_lines": [], "summary": {"covered_lines": 0, "num_statements": 0, "percent_covered": 100.0, "percent_covered_display": "100", "missing_lines": 0, "excluded_lines": 0, "percent_statements_covered": 100.0, "percent_statements_covered_display": "100"}, "missing_lines": [], "excluded_lines": [], "start_line": 34}, "ModifyRequest": {"executed_lines": [], "summary": {"covered_lines": 0, "num_statements": 0, "percent_covered": 100.0, "percent_covered_display": "100", "missing_lines": 0, "excluded_lines": 0, "percent_statements_covered": 100.0, "percent_statements_covered_display": "100"}, "missing_lines": [], "excluded_lines": [], "start_line": 39}, "RemixRequest": {"executed_lines": [], "summary": {"covered_lines": 0, "num_statements": 0, "percent_covered": 100.0, "percent_covered_display": "100", "missing_lines": 0, "excluded_lines": 0, "percent_statements_covered": 100.0, "percent_statements_covered_display": "100"}, "missing_lines": [], "excluded_lines": [], "start_line": 43}, "CloudDeployRequest": {"executed_lines": [], "summary": {"covered_lines": 0, "num_statements": 0, "percent_covered": 100.0, "percent_covered_display": "100", "missing_lines": 0, "excluded_lines": 0, "percent_statements_covered": 100.0, "percent_statements_covered_display": "100"}, "missing_lines": [], "excluded_lines": [], "start_line": 47}, "BuildResponse": {"executed_lines": [], "summary": {"covered_lines": 0, "num_statements": 0, "percent_covered": 100.0, "percent_covered_display": "100", "missing_lines": 0, "excluded_lines": 0, "percent_statements_covered": 100.0, "percent_statements_covered_display": "100"}, "missing_lines": [], "excluded_lines": [], "start_line": 51}, "BuildResponse.Config": {"executed_lines": [], "summary": {"covered_lines": 0, "num_statements": 0, "percent_covered": 100.0, "percent_covered_display": "100", "missing_lines": 0, "excluded_lines": 0, "percent_statements_covered": 100.0, "percent_statements_covered_display": "100"}, "missing_lines": [], "excluded_lines": [], "start_line": 81}, "": {"executed_lines": [3, 4, 5, 6, 7, 9, 10, 11, 12, 13, 14, 15, 16, 18, 19, 20, 21, 23, 24, 27, 28, 29, 30, 31, 34, 35, 36, 39, 40, 43, 44, 47, 48, 51, 52, 53, 54, 55, 56, 57, 58, 59, 60, 61, 62, 63, 64, 65, 66, 67, 68, 69, 70, 71, 72, 73, 74, 75, 76, 77, 78, 79, 81, 82, 85, 86, 87, 89, 97, 98, 99, 101, 102, 105, 106, 107, 138, 139, 146, 147, 149, 150, 151, 154, 155, 157, 158, 159, 160, 163, 164, 173, 174, 206, 207, 227, 228, 267, 268, 316, 329, 330, 351, 352, 353, 395, 396, 434, 435, 462, 463, 468, 469, 471, 472, 474, 475, 476, 480, 481, 505, 506, 558, 559, 560, 590, 591, 593, 594, 595, 598, 599, 600, 601, 605, 606, 607, 612, 613, 615, 618, 619, 676, 678, 679], "summary": {"covered_lines": 145, "num_statements": 412, "percent_covered": 35.19417475728155, "percent_covered_display": "35", "missing_lines": 267, "excluded_lines": 0, "percent_statements_covered": 35.19417475728155, "percent_statements_covered_display": "35"}, "missing_lines": [110, 111, 112, 113, 114, 115, 117, 119, 120, 121, 123, 130, 131, 132, 134, 135, 148, 166, 167, 168, 169, 170, 177, 178, 179, 181, 183, 185, 186, 188, 189, 190, 191, 194, 195, 196, 197, 199, 201, 203, 209, 210, 211, 212, 213, 215, 216, 217, 218, 219, 220, 221, 222, 223, 224, 230, 231, 232, 234, 235, 236, 238, 248, 249, 250, 252, 254, 255, 256, 261, 264, 270, 271, 272, 273, 274, 276, 277, 278, 281, 283, 293, 296, 297, 298, 300, 301, 303, 304, 305, 306, 310, 313, 318, 319, 320, 321, 322, 323, 324, 325, 326, 332, 333, 334, 335, 336, 338, 339, 340, 341, 343, 344, 360, 361, 362, 363, 364, 365, 366, 368, 369, 370, 373, 374, 375, 376, 377, 379, 381, 382, 384, 385, 386, 387, 388, 389, 390, 391, 392, 398, 399, 400, 402, 403, 405, 407, 408, 409, 416, 418, 419, 420, 421, 422, 423, 424, 426, 437, 438, 439, 441, 442, 443, 451, 452, 459, 470, 477, 483, 486, 487, 488, 489, 491, 494, 495, 497, 498, 499, 500, 502, 508, 509, 510, 513, 514, 515, 516, 517, 518, 519, 520, 521, 522, 523, 526, 527, 528, 529, 530, 531, 532, 533, 534, 535, 536, 537, 547, 550, 551, 554, 555, 562, 563, 564, 567, 568, 569, 572, 573, 574, 575, 576, 579, 580, 581, 582, 583, 584, 586, 587, 602, 608, 609, 621, 622, 623, 624, 625, 626, 627, 629, 631, 632, 634, 642, 643, 646, 647, 648, 649, 651, 653, 654, 655, 658, 660, 661, 662, 663, 665, 666, 667, 669, 680, 681], "excluded_lines": [], "start_line": 1}}}, "routers/gallery.py": {"executed_lines": [3, 5, 6, 7, 8, 10, 13, 14, 47, 48], "summary": {"covered_lines": 10, "num_statements": 16, "percent_covered": 62.5, "percent_covered_display": "62", "missing_lines": 6, "excluded_lines": 0, "percent_statements_covered": 62.5, "percent_statements_covered_display": "62"}, "missing_lines": [20, 27, 50, 51, 52, 53], "excluded_lines": [], "functions": {"gallery_list": {"executed_lines": [], "summary": {"covered_lines": 0, "num_statements": 2, "percent_covered": 0.0, "percent_covered_display": "0", "missing_lines": 2, "excluded_lines": 0, "percent_statements_covered": 0.0, "percent_statements_covered_display": "0"}, "missing_lines": [20, 27], "excluded_lines": [], "start_line": 14}, "gallery_detail": {"executed_lines": [], "summary": {"covered_lines": 0, "num_statements": 4, "percent_covered": 0.0, "percent_covered_display": "0", "missing_lines": 4, "excluded_lines": 0, "percent_statements_covered": 0.0, "percent_statements_covered_display": "0"}, "missing_lines": [50, 51, 52, 53], "excluded_lines": [], "start_line": 48}, "": {"executed_lines": [3, 5, 6, 7, 8, 10, 13, 14, 47, 48], "summary": {"covered_lines": 10, "num_statements": 10, "percent_covered": 100.0, "percent_covered_display": "100", "missing_lines": 0, "excluded_lines": 0, "percent_statements_covered": 100.0, "percent_statements_covered_display": "100"}, "missing_lines": [], "excluded_lines": [], "start_line": 1}}, "classes": {"": {"executed_lines": [3, 5, 6, 7, 8, 10, 13, 14, 47, 48], "summary": {"covered_lines": 10, "num_statements": 16, "percent_covered": 62.5, "percent_covered_display": "62", "missing_lines": 6, "excluded_lines": 0, "percent_statements_covered": 62.5, "percent_statements_covered_display": "62"}, "missing_lines": [20, 27, 50, 51, 52, 53], "excluded_lines": [], "start_line": 1}}}, "routers/twitter.py": {"executed_lines": [3, 4, 6, 7, 8, 10, 11, 12, 13, 14, 16, 17, 23, 24, 27, 38, 104, 116, 146, 180, 192, 205, 206, 216, 217, 282, 283, 284, 285, 286, 287, 290, 291, 363, 364], "summary": {"covered_lines": 35, "num_statements": 172, "percent_covered": 20.348837209302324, "percent_covered_display": "20", "missing_lines": 137, "excluded_lines": 0, "percent_statements_covered": 20.348837209302324, "percent_statements_covered_display": "20"}, "missing_lines": [29, 30, 31, 32, 33, 34, 35, 40, 41, 43, 46, 48, 49, 51, 54, 55, 58, 59, 60, 61, 62, 64, 69, 75, 76, 77, 80, 87, 88, 89, 92, 93, 94, 95, 98, 101, 106, 108, 109, 110, 111, 113, 125, 127, 138, 139, 140, 141, 143, 148, 149, 150, 151, 152, 154, 155, 156, 163, 164, 169, 171, 173, 183, 184, 185, 186, 187, 188, 189, 195, 196, 197, 198, 208, 219, 222, 224, 225, 226, 228, 229, 232, 233, 235, 236, 237, 238, 240, 246, 247, 248, 250, 257, 258, 259, 261, 262, 263, 264, 266, 268, 269, 271, 298, 301, 302, 304, 305, 308, 309, 310, 312, 313, 315, 316, 322, 328, 329, 330, 332, 340, 341, 342, 344, 345, 346, 347, 350, 351, 358, 360, 369, 372, 373, 374, 375, 386], "excluded_lines": [], "functions": {"_poll_loop": {"executed_lines": [], "summary": {"covered_lines": 0, "num_statements": 7, "percent_covered": 0.0, "percent_covered_display": "0", "missing_lines": 7, "excluded_lines": 0, "percent_statements_covered": 0.0, "percent_statements_covered_display": "0"}, "missing_lines": [29, 30, 31, 32, 33, 34, 35], "excluded_lines": [], "start_line": 27}, "_process_mentions": {"executed_lines": [], "summary": {"covered_lines": 0, "num_statements": 29, "percent_covered": 0.0, "percent_covered_display": "0", "missing_lines": 29, "excluded_lines": 0, "percent_statements_covered": 0.0, "percent_statements_covered_display": "0"}, "missing_lines": [40, 41, 43, 46, 48, 49, 51, 54, 55, 58, 59, 60, 61, 62, 64, 69, 75, 76, 77, 80, 87, 88, 89, 92, 93, 94, 95, 98, 101], "excluded_lines": [], "start_line": 38}, "_build_and_reply": {"executed_lines": [], "summary": {"covered_lines": 0, "num_statements": 6, "percent_covered": 0.0, "percent_covered_display": "0", "missing_lines": 6, "excluded_lines": 0, "percent_statements_covered": 0.0, "percent_statements_covered_display": "0"}, "missing_lines": [106, 108, 109, 110, 111, 113], "excluded_lines": [], "start_line": 104}, "_build_screenshot_and_reply": {"executed_lines": [], "summary": {"covered_lines": 0, "num_statements": 7, "percent_covered": 0.0, "percent_covered_display": "0", "missing_lines": 7, "excluded_lines": 0, "percent_statements_covered": 0.0, "percent_statements_covered_display": "0"}, "missing_lines": [125, 127, 138, 139, 140, 141, 143], "excluded_lines": [], "start_line": 116}, "_send_reply": {"executed_lines": [], "summary": {"covered_lines": 0, "num_statements": 13, "percent_covered": 0.0, "percent_covered_display": "0", "missing_lines": 13, "excluded_lines": 0, "percent_statements_covered": 0.0, "percent_statements_covered_display": "0"}, "missing_lines": [148, 149, 150, 151, 152, 154, 155, 156, 163, 164, 169, 171, 173], "excluded_lines": [], "start_line": 146}, "start_twitter_poll": {"executed_lines": [], "summary": {"covered_lines": 0, "num_statements": 7, "percent_covered": 0.0, "percent_covered_display": "0", "missing_lines": 7, "excluded_lines": 0, "percent_statements_covered": 0.0, "percent_statements_covered_display": "0"}, "missing_lines": [183, 184, 185, 186, 187, 188, 189], "excluded_lines": [], "start_line": 180}, "stop_twitter_poll": {"executed_lines": [], "summary": {"covered_lines": 0, "num_statements": 4, "percent_covered": 0.0, "percent_covered_display": "0", "missing_lines": 4, "excluded_lines": 0, "percent_statements_covered": 0.0, "percent_statements_covered_display": "0"}, "missing_lines": [195, 196, 197, 198], "excluded_lines": [], "start_line": 192}, "twitter_status": {"executed_lines": [], "summary": {"covered_lines": 0, "num_statements": 1, "percent_covered": 0.0, "percent_covered_display": "0", "missing_lines": 1, "excluded_lines": 0, "percent_statements_covered": 0.0, "percent_statements_covered_display": "0"}, "missing_lines": [208], "excluded_lines": [], "start_line": 206}, "poll_mentions": {"executed_lines": [], "summary": {"covered_lines": 0, "num_statements": 29, "percent_covered": 0.0, "percent_covered_display": "0", "missing_lines": 29, "excluded_lines": 0, "percent_statements_covered": 0.0, "percent_statements_covered_display": "0"}, "missing_lines": [219, 222, 224, 225, 226, 228, 229, 232, 233, 235, 236, 237, 238, 240, 246, 247, 248, 250, 257, 258, 259, 261, 262, 263, 264, 266, 268, 269, 271], "excluded_lines": [], "start_line": 217}, "ingest_mention": {"executed_line
[...]
, "excluded_lines": [], "start_line": 28}, "TestCreateBuild.test_create_build": {"executed_lines": [42, 46, 47, 48, 49, 50], "summary": {"covered_lines": 6, "num_statements": 6, "percent_covered": 100.0, "percent_covered_display": "100", "missing_lines": 0, "excluded_lines": 0, "percent_statements_covered": 100.0, "percent_statements_covered_display": "100"}, "missing_lines": [], "excluded_lines": [], "start_line": 41}, "TestCreateBuild.test_create_build_returns_build_fields": {"executed_lines": [54, 58, 59, 61, 62, 63, 64, 65], "summary": {"covered_lines": 8, "num_statements": 8, "percent_covered": 100.0, "percent_covered_display": "100", "missing_lines": 0, "excluded_lines": 0, "percent_statements_covered": 100.0, "percent_statements_covered_display": "100"}, "missing_lines": [], "excluded_lines": [], "start_line": 53}, "TestCreateBuild.test_created_build_appears_in_list": {"executed_lines": [69, 73, 75, 76, 77], "summary": {"covered_lines": 5, "num_statements": 5, "percent_covered": 100.0, "percent_covered_display": "100", "missing_lines": 0, "excluded_lines": 0, "percent_statements_covered": 100.0, "percent_statements_covered_display": "100"}, "missing_lines": [], "excluded_lines": [], "start_line": 68}, "TestCreateBuild.test_created_build_fetchable_by_id": {"executed_lines": [81, 85, 87, 88, 89], "summary": {"covered_lines": 5, "num_statements": 5, "percent_covered": 100.0, "percent_covered_display": "100", "missing_lines": 0, "excluded_lines": 0, "percent_statements_covered": 100.0, "percent_statements_covered_display": "100"}, "missing_lines": [], "excluded_lines": [], "start_line": 80}, "TestUpdateBuildFile.test_rejects_path_traversal_dotdot": {"executed_lines": [101, 102, 103, 104, 105, 106, 108, 113, 114], "summary": {"covered_lines": 9, "num_statements": 9, "percent_covered": 100.0, "percent_covered_display": "100", "missing_lines": 0, "excluded_lines": 0, "percent_statements_covered": 100.0, "percent_statements_covered_display": "100"}, "missing_lines": [], "excluded_lines": [], "start_line": 99}, "TestUpdateBuildFile.test_rejects_path_traversal_absolute": {"executed_lines": [118, 122, 124, 128], "summary": {"covered_lines": 4, "num_statements": 4, "percent_covered": 100.0, "percent_covered_display": "100", "missing_lines": 0, "excluded_lines": 0, "percent_statements_covered": 100.0, "percent_statements_covered_display": "100"}, "missing_lines": [], "excluded_lines": [], "start_line": 117}, "TestUpdateBuildFile.test_rejects_path_traversal_backslash": {"executed_lines": [132, 136, 138, 142], "summary": {"covered_lines": 4, "num_statements": 4, "percent_covered": 100.0, "percent_covered_display": "100", "missing_lines": 0, "excluded_lines": 0, "percent_statements_covered": 100.0, "percent_statements_covered_display": "100"}, "missing_lines": [], "excluded_lines": [], "start_line": 131}, "TestUpdateBuildFile.test_rejects_empty_file_path": {"executed_lines": [146, 150, 152, 156], "summary": {"covered_lines": 4, "num_statements": 4, "percent_covered": 100.0, "percent_covered_display": "100", "missing_lines": 0, "excluded_lines": 0, "percent_statements_covered": 100.0, "percent_statements_covered_display": "100"}, "missing_lines": [], "excluded_lines": [], "start_line": 145}, "TestUpdateBuildFile.test_rejects_edit_on_non_deployed_build": {"executed_lines": [161, 165, 167, 172], "summary": {"covered_lines": 4, "num_statements": 4, "percent_covered": 100.0, "percent_covered_display": "100", "missing_lines": 0, "excluded_lines": 0, "percent_statements_covered": 100.0, "percent_statements_covered_display": "100"}, "missing_lines": [], "excluded_lines": [], "start_line": 159}, "TestDeleteBuild.test_delete_nonexistent": {"executed_lines": [183, 184], "summary": {"covered_lines": 2, "num_statements": 2, "percent_covered": 100.0, "percent_covered_display": "100", "missing_lines": 0, "excluded_lines": 0, "percent_statements_covered": 100.0, "percent_statements_covered_display": "100"}, "missing_lines": [], "excluded_lines": [], "start_line": 182}, "TestDeleteBuild.test_delete_existing_build": {"executed_lines": [188, 192, 195, 196, 197, 199, 200, 203, 204], "summary": {"covered_lines": 9, "num_statements": 9, "percent_covered": 100.0, "percent_covered_display": "100", "missing_lines": 0, "excluded_lines": 0, "percent_statements_covered": 100.0, "percent_statements_covered_display": "100"}, "missing_lines": [], "excluded_lines": [], "start_line": 187}, "TestHealth.test_health_endpoint": {"executed_lines": [215, 216, 217, 218, 219], "summary": {"covered_lines": 5, "num_statements": 5, "percent_covered": 100.0, "percent_covered_display": "100", "missing_lines": 0, "excluded_lines": 0, "percent_statements_covered": 100.0, "percent_statements_covered_display": "100"}, "missing_lines": [], "excluded_lines": [], "start_line": 214}, "": {"executed_lines": [3, 4, 12, 13, 14, 26, 27, 28, 39, 40, 41, 52, 53, 67, 68, 79, 80, 97, 98, 99, 116, 117, 130, 131, 144, 145, 158, 159, 180, 181, 182, 186, 187, 212, 213, 214], "summary": {"covered_lines": 36, "num_statements": 36, "percent_covered": 100.0, "percent_covered_display": "100", "missing_lines": 0, "excluded_lines": 0, "percent_statements_covered": 100.0, "percent_statements_covered_display": "100"}, "missing_lines": [], "excluded_lines": [], "start_line": 1}}, "classes": {"TestListBuilds": {"executed_lines": [15, 16, 17, 18], "summary": {"covered_lines": 4, "num_statements": 4, "percent_covered": 100.0, "percent_covered_display": "100", "missing_lines": 0, "excluded_lines": 0, "percent_statements_covered": 100.0, "percent_statements_covered_display": "100"}, "missing_lines": [], "excluded_lines": [], "start_line": 12}, "TestGetBuild": {"executed_lines": [29, 30, 31], "summary": {"covered_lines": 3, "num_statements": 3, "percent_covered": 100.0, "percent_covered_display": "100", "missing_lines": 0, "excluded_lines": 0, "percent_statements_covered": 100.0, "percent_statements_covered_display": "100"}, "missing_lines": [], "excluded_lines": [], "start_line": 26}, "TestCreateBuild": {"executed_lines": [42, 46, 47, 48, 49, 50, 54, 58, 59, 61, 62, 63, 64, 65, 69, 73, 75, 76, 77, 81, 85, 87, 88, 89], "summary": {"covered_lines": 24, "num_statements": 24, "percent_covered": 100.0, "percent_covered_display": "100", "missing_lines": 0, "excluded_lines": 0, "percent_statements_covered": 100.0, "percent_statements_covered_display": "100"}, "missing_lines": [], "excluded_lines": [], "start_line": 39}, "TestUpdateBuildFile": {"executed_lines": [101, 102, 103, 104, 105, 106, 108, 113, 114, 118, 122, 124, 128, 132, 136, 138, 142, 146, 150, 152, 156, 161, 165, 167, 172], "summary": {"covered_lines": 25, "num_statements": 25, "percent_covered": 100.0, "percent_covered_display": "100", "missing_lines": 0, "excluded_lines": 0, "percent_statements_covered": 100.0, "percent_statements_covered_display": "100"}, "missing_lines": [], "excluded_lines": [], "start_line": 97}, "TestDeleteBuild": {"executed_lines": [183, 184, 188, 192, 195, 196, 197, 199, 200, 203, 204], "summary": {"covered_lines": 11, "num_statements": 11, "percent_covered": 100.0, "percent_covered_display": "100", "missing_lines": 0, "excluded_lines": 0, "percent_statements_covered": 100.0, "percent_statements_covered_display": "100"}, "missing_lines": [], "excluded_lines": [], "start_line": 180}, "TestHealth": {"executed_lines": [215, 216, 217, 218, 219], "summary": {"covered_lines": 5, "num_statements": 5, "percent_covered": 100.0, "percent_covered_display": "100", "missing_lines": 0, "excluded_lines": 0, "percent_statements_covered": 100.0, "percent_statements_covered_display": "100"}, "missing_lines": [], "excluded_lines": [], "start_line": 212}, "": {"executed_lines": [3, 4, 12, 13, 14, 26, 27, 28, 39, 40, 41, 52, 53, 67, 68, 79, 80, 97, 98, 99, 116, 117, 130, 131, 144, 145, 158, 159, 180, 181, 182, 186, 187, 212, 213, 214], "summary": {"covered_lines": 36, "num_statements": 36, "percent_covered": 100.0, "percent_covered_display": "100", "missing_lines": 0, "excluded_lines": 0, "percent_statements_covered": 100.0, "percent_statements_covered_display": "100"}, "missing_lines": [], "excluded_lines": [], "start_line": 1}}}, "tests/test_helpers.py": {"executed_lines": [3, 4, 6, 8, 16, 17, 18, 19, 21, 22, 23, 24, 25, 26, 28, 29, 30, 32, 33, 38, 46, 47, 50, 51, 52, 53, 55, 56, 57, 58, 59, 67, 68, 69, 70, 72, 73, 74, 82, 83, 84, 85, 87, 88, 90, 91, 93, 94, 96, 98, 99, 100, 101, 102, 104, 105, 106, 107, 109, 110, 111, 112, 114, 116, 117, 118], "summary": {"covered_lines": 66, "num_statements": 66, "percent_covered": 100.0, "percent_covered_display": "100", "missing_lines": 0, "excluded_lines": 0, "percent_statements_covered": 100.0, "percent_statements_covered_display": "100"}, "missing_lines": [], "excluded_lines": [], "functions": {"TestStripFencesHtml.test_html_fence_basic": {"executed_lines": [18, 19], "summary": {"covered_lines": 2, "num_statements": 2, "percent_covered": 100.0, "percent_covered_display": "100", "missing_lines": 0, "excluded_lines": 0, "percent_statements_covered": 100.0, "percent_statements_covered_display": "100"}, "missing_lines": [], "excluded_lines": [], "start_line": 17}, "TestStripFencesHtml.test_html_fence_multiline": {"executed_lines": [22, 23, 24, 25, 26], "summary": {"covered_lines": 5, "num_statements": 5, "percent_covered": 100.0, "percent_covered_display": "100", "missing_lines": 0, "excluded_lines": 0, "percent_statements_covered": 100.0, "percent_statements_covered_display": "100"}, "missing_lines": [], "excluded_lines": [], "start_line": 21}, "TestStripFencesHtml.test_html_fence_with_preamble": {"executed_lines": [29, 30], "summary": {"covered_lines": 2, "num_statements": 2, "percent_covered": 100.0, "percent_covered_display": "100", "missing_lines": 0, "excluded_lines": 0, "percent_statements_covered": 100.0, "percent_statements_covered_display": "100"}, "missing_lines": [], "excluded_lines": [], "start_line": 28}, "TestStripFencesHtml.test_html_fence_with_long_preamble": {"executed_lines": [33, 38], "summary": {"covered_lines": 2, "num_statements": 2, "percent_covered": 100.0, "percent_covered_display": "100", "missing_lines": 0, "excluded_lines": 0, "percent_statements_covered": 100.0, "percent_statements_covered_display": "100"}, "missing_lines": [], "excluded_lines": [], "start_line": 32}, "TestStripFencesJson.test_json_fence": {"executed_lines": [50, 51, 52, 53], "summary": {"covered_lines": 4, "num_statements": 4, "percent_covered": 100.0, "percent_covered_display": "100", "missing_lines": 0, "excluded_lines": 0, "percent_statements_covered": 100.0, "percent_statements_covered_display": "100"}, "missing_lines": [], "excluded_lines": [], "start_line": 47}, "TestStripFencesJson.test_json_fence_with_preamble": {"executed_lines": [56, 57, 58, 59], "summary": {"covered_lines": 4, "num_statements": 4, "percent_covered": 100.0, "percent_covered_display": "100", "missing_lines": 0, "excluded_lines": 0, "percent_statements_covered": 100.0, "percent_statements_covered_display": "100"}, "missing_lines": [], "excluded_lines": [], "start_line": 55}, "TestStripFencesGeneric.test_generic_fence": {"executed_lines": [69, 70], "summary": {"covered_lines": 2, "num_statements": 2, "percent_covered": 100.0, "percent_covered_display": "100", "missing_lines": 0, "excluded_lines": 0, "percent_statements_covered": 100.0, "percent_statements_covered_display": "100"}, "missing_lines": [], "excluded_lines": [], "start_line": 68}, "TestStripFencesGeneric.test_generic_fence_with_preamble": {"executed_lines": [73, 74], "summary": {"covered_lines": 2, "num_statements": 2, "percent_covered": 100.0, "percent_covered_display": "100", "missing_lines": 0, "excluded_lines": 0, "percent_statements_covered": 100.0, "percent_statements_covered_display": "100"}, "missing_lines": [], "excluded_lines": [], "start_line": 72}, "TestStripFencesEdgeCases.test_no_fences": {"executed_lines": [84, 85], "summary": {"covered_lines": 2, "num_statements": 2, "percent_covered": 100.0, "percent_covered_display": "100", "missing_lines": 0, "excluded_lines": 0, "percent_statements_covered": 100.0, "percent_statements_covered_display": "100"}, "missing_lines": [], "excluded_lines": [], "start_line": 83}, "TestStripFencesEdgeCases.test_empty_string": {"executed_lines": [88], "summary": {"covered_lines": 1, "num_statements": 1, "percent_covered": 100.0, "percent_covered_display": "100", "missing_lines": 0, "excluded_lines": 0, "percent_statements_covered": 100.0, "percent_statements_covered_display": "100"}, "missing_lines": [], "excluded_lines": [], "start_line": 87}, "TestStripFencesEdgeCases.test_whitespace_only": {"executed_lines": [91], "summary": {"covered_lines": 1, "num_statements": 1, "percent_covered": 100.0, "percent_covered_display": "100", "missing_lines": 0, "excluded_lines": 0, "percent_statements_covered": 100.0, "percent_statements_covered_display": "100"}, "missing_lines": [], "excluded_lines": [], "start_line": 90}, "TestStripFencesEdgeCases.test_just_triple_backtick": {"executed_lines": [94, 96], "summary": {"covered_lines": 2, "num_statements": 2, "percent_covered": 100.0, "percent_covered_display": "100", "missing_lines": 0, "excluded_lines": 0, "percent_statements_covered": 100.0, "percent_statements_covered_display": "100"}, "missing_lines": [], "excluded_lines": [], "start_line": 93}, "TestStripFencesEdgeCases.test_unclosed_fence_html": {"executed_lines": [99, 100, 101, 102], "summary": {"covered_lines": 4, "num_statements": 4, "percent_covered": 100.0, "percent_covered_display": "100", "missing_lines": 0, "excluded_lines": 0, "percent_statements_covered": 100.0, "percent_statements_covered_display": "100"}, "missing_lines": [], "excluded_lines": [], "start_line": 98}, "TestStripFencesEdgeCases.test_unclosed_fence_generic": {"executed_lines": [105, 106, 107], "summary": {"covered_lines": 3, "num_statements": 3, "percent_covered": 100.0, "percent_covered_display": "100", "missing_lines": 0, "excluded_lines": 0, "percent_statements_covered": 100.0, "percent_statements_covered_display": "100"}, "missing_lines": [], "excluded_lines": [], "start_line": 104}, "TestStripFencesEdgeCases.test_fence_with_extra_whitespace": {"executed_lines": [110, 111, 112], "summary": {"covered_lines": 3, "num_statements": 3, "percent_covered": 100.0, "percent_covered_display": "100", "missing_lines": 0, "excluded_lines": 0, "percent_statements_covered": 100.0, "percent_statements_covered_display": "100"}, "missing_lines": [], "excluded_lines": [], "start_line": 109}, "TestStripFencesEdgeCases.test_preserves_inner_backticks": {"executed_lines": [116, 117, 118], "summary": {"covered_lines": 3, "num_statements": 3, "percent_covered": 100.0, "percent_covered_display": "100", "missing_lines": 0, "excluded_lines": 0, "percent_statements_covered": 100.0, "percent_statements_covered_display": "100"}, "missing_lines": [], "excluded_lines": [], "start_line": 114}, "": {"executed_lines": [3, 4, 6, 8, 16, 17, 21, 28, 32, 46, 47, 55, 67, 68, 72, 82, 83, 87, 90, 93, 98, 104, 109, 114], "summary": {"covered_lines": 24, "num_statements": 24, "percent_covered": 100.0, "percent_covered_display": "100", "missing_lines": 0, "excluded_lines": 0, "percent_statements_covered": 100.0, "percent_statements_covered_display": "100"}, "missing_lines": [], "excluded_lines": [], "start_line": 1}}, "classes": {"TestStripFencesHtml": {"executed_lines": [18, 19, 22, 23, 24, 25, 26, 29, 30, 33, 38], "summary": {"covered_lines": 11, "num_statements": 11, "percent_covered": 100.0, "percent_covered_display": "100", "missing_lines": 0, "excluded_lines": 0, "percent_statements_covered": 100.0, "percent_statements_covered_display": "100"}, "missing_lines": [], "excluded_lines": [], "start_line": 16}, "TestStripFencesJson": {"executed_lines": [50, 51, 52, 53, 56, 57, 58, 59], "summary": {"covered_lines": 8, "num_statements": 8, "percent_covered": 100.0, "percent_covered_display": "100", "missing_lines": 0, "excluded_lines": 0, "percent_statements_covered": 100.0, "percent_statements_covered_display": "100"}, "missing_lines": [], "excluded_lines": [], "start_line": 46}, "TestStripFencesGeneric": {"executed_lines": [69, 70, 73, 74], "summary": {"covered_lines": 4, "num_statements": 4, "percent_covered": 100.0, "percent_covered_display": "100", "missing_lines": 0, "excluded_lines": 0, "percent_statements_covered": 100.0, "percent_statements_covered_display": "100"}, "missing_lines": [], "excluded_lines": [], "start_line": 67}, "TestStripFencesEdgeCases": {"executed_lines": [84, 85, 88, 91, 94, 96, 99, 100, 101, 102, 105, 106, 107, 110, 111, 112, 116, 117, 118], "summary": {"covered_lines": 19, "num_statements": 19, "percent_covered": 100.0, "percent_covered_display": "100", "missing_lines": 0, "excluded_lines": 0, "percent_statements_covered": 100.0, "percent_statements_covered_display": "100"}, "missing_lines": [], "excluded_lines": [], "start_line": 82}, "": {"executed_lines": [3, 4, 6, 8, 16, 17, 21, 28, 32, 46, 47, 55, 67, 68, 72, 82, 83, 87, 90, 93, 98, 104, 109, 114], "summary": {"covered_lines": 24, "num_statements": 24, "percent_covered": 100.0, "percent_covered_display": "100", "missing_lines": 0, "excluded_lines": 0, "percent_statements_covered": 100.0, "percent_statements_covered_display": "100"}, "missing_lines": [], "excluded_lines": [], "start_line": 1}}}, "tests/test_rate_limiting.py": {"executed_lines": [3, 4, 7, 8, 9, 11, 12, 13, 20, 22, 23, 28, 29, 30, 34, 37, 39], "summary": {"covered_lines": 17, "num_statements": 22, "percent_covered": 77.27272727272727, "percent_covered_display": "77", "missing_lines": 5, "excluded_lines": 0, "percent_statements_covered": 77.27272727272727, "percent_statements_covered_display": "77"}, "missing_lines": [14, 16, 17, 18, 19], "excluded_lines": [], "functions": {"TestCreateBuildRateLimit.reset_limiter": {"executed_lines": [11, 12, 13, 20], "summary": {"covered_lines": 4, "num_statements": 9, "percent_covered": 44.44444444444444, "percent_covered_display": "44", "missing_lines": 5, "excluded_lines": 0, "percent_statements_covered": 44.44444444444444, "percent_statements_covered_display": "44"}, "missing_lines": [14, 16, 17, 18, 19], "excluded_lines": [], "start_line": 9}, "TestCreateBuildRateLimit.test_rate_limited_after_10_requests": {"executed_lines": [28, 29, 30, 34, 37, 39], "summary": {"covered_lines": 6, "num_statements": 6, "percent_covered": 100.0, "percent_covered_display": "100", "missing_lines": 0, "excluded_lines": 0, "percent_statements_covered": 100.0, "percent_statements_covered_display": "100"}, "missing_lines": [], "excluded_lines": [], "start_line": 23}, "": {"executed_lines": [3, 4, 7, 8, 9, 22, 23], "summary": {"covered_lines": 7, "num_statements": 7, "percent_covered": 100.0, "percent_covered_display": "100", "missing_lines": 0, "excluded_lines": 0, "percent_statements_covered": 100.0, "percent_statements_covered_display": "100"}, "missing_lines": [], "excluded_lines": [], "start_line": 1}}, "classes": {"TestCreateBuildRateLimit": {"executed_lines": [11, 12, 13, 20, 28, 29, 30, 34, 37, 39], "summary": {"covered_lines": 10, "num_statements": 15, "percent_covered": 66.66666666666667, "percent_covered_display": "67", "missing_lines": 5, "excluded_lines": 0, "percent_statements_covered": 66.66666666666667, "percent_statements_covered_display": "67"}, "missing_lines": [14, 16, 17, 18, 19], "excluded_lines": [], "start_line": 7}, "": {"executed_lines": [3, 4, 7, 8, 9, 22, 23], "summary": {"covered_lines": 7, "num_statements": 7, "percent_covered": 100.0, "percent_covered_display": "100", "missing_lines": 0, "excluded_lines": 0, "percent_statements_covered": 100.0, "percent_statements_covered_display": "100"}, "missing_lines": [], "excluded_lines": [], "start_line": 1}}}}, "totals": {"covered_lines": 849, "num_statements": 3027, "percent_covered": 28.047571853320118, "percent_covered_display": "28", "missing_lines": 2178, "excluded_lines": 0, "percent_statements_covered": 28.047571853320118, "percent_statements_covered_display": "28"}}